{"/Users/lgarzon/vault/src/core/crypto.ts": {"path":"/Users/lgarzon/vault/src/core/crypto.ts","statementMap":{"0":{"start":{"line":10,"column":2},"end":{"line":10,"column":null}},"1":{"start":{"line":11,"column":17},"end":{"line":11,"column":null}},"2":{"start":{"line":14,"column":2},"end":{"line":21,"column":null}},"3":{"start":{"line":29,"column":2},"end":{"line":29,"column":null}},"4":{"start":{"line":30,"column":17},"end":{"line":30,"column":null}},"5":{"start":{"line":32,"column":20},"end":{"line":32,"column":77}},"6":{"start":{"line":33,"column":2},"end":{"line":33,"column":null}},"7":{"start":{"line":41,"column":2},"end":{"line":41,"column":null}},"8":{"start":{"line":42,"column":17},"end":{"line":42,"column":null}},"9":{"start":{"line":44,"column":15},"end":{"line":44,"column":69}},"10":{"start":{"line":45,"column":14},"end":{"line":45,"column":45}},"11":{"start":{"line":46,"column":16},"end":{"line":46,"column":74}},"12":{"start":{"line":48,"column":21},"end":{"line":48,"column":72}},"13":{"start":{"line":50,"column":2},"end":{"line":54,"column":null}}},"fnMap":{"0":{"name":"deriveKey","decl":{"start":{"line":9,"column":22},"end":{"line":9,"column":32}},"loc":{"start":{"line":9,"column":89},"end":{"line":21,"column":null}},"line":9},"1":{"name":"decryptPayload","decl":{"start":{"line":24,"column":22},"end":{"line":24,"column":null}},"loc":{"start":{"line":28,"column":19},"end":{"line":33,"column":null}},"line":28},"2":{"name":"encryptPayload","decl":{"start":{"line":37,"column":22},"end":{"line":37,"column":null}},"loc":{"start":{"line":40,"column":29},"end":{"line":54,"column":null}},"line":40}},"branchMap":{},"s":{"0":10,"1":10,"2":10,"3":1,"4":1,"5":1,"6":1,"7":1,"8":1,"9":1,"10":1,"11":1,"12":1,"13":1},"f":{"0":10,"1":1,"2":1},"b":{},"meta":{"lastBranch":0,"lastFunction":3,"lastStatement":14,"seen":{"f:9:22:9:32":0,"s:10:2:10:Infinity":0,"s:11:17:11:Infinity":1,"s:14:2:21:Infinity":2,"f:24:22:24:Infinity":1,"s:29:2:29:Infinity":3,"s:30:17:30:Infinity":4,"s:32:20:32:77":5,"s:33:2:33:Infinity":6,"f:37:22:37:Infinity":2,"s:41:2:41:Infinity":7,"s:42:17:42:Infinity":8,"s:44:15:44:69":9,"s:45:14:45:45":10,"s:46:16:46:74":11,"s:48:21:48:72":12,"s:50:2:54:Infinity":13}}}
,"/Users/lgarzon/vault/src/core/envelope.ts": {"path":"/Users/lgarzon/vault/src/core/envelope.ts","statementMap":{"0":{"start":{"line":22,"column":2},"end":{"line":22,"column":null}},"1":{"start":{"line":23,"column":17},"end":{"line":23,"column":null}},"2":{"start":{"line":25,"column":2},"end":{"line":31,"column":null}},"3":{"start":{"line":26,"column":23},"end":{"line":26,"column":114}},"4":{"start":{"line":27,"column":20},"end":{"line":27,"column":65}},"5":{"start":{"line":28,"column":25},"end":{"line":28,"column":75}},"6":{"start":{"line":29,"column":4},"end":{"line":31,"column":null}},"7":{"start":{"line":30,"column":6},"end":{"line":30,"column":null}},"8":{"start":{"line":34,"column":2},"end":{"line":45,"column":null}},"9":{"start":{"line":35,"column":20},"end":{"line":35,"column":50}},"10":{"start":{"line":36,"column":19},"end":{"line":36,"column":53}},"11":{"start":{"line":37,"column":21},"end":{"line":37,"column":66}},"12":{"start":{"line":38,"column":26},"end":{"line":38,"column":76}},"13":{"start":{"line":39,"column":4},"end":{"line":45,"column":null}},"14":{"start":{"line":40,"column":18},"end":{"line":40,"column":84}},"15":{"start":{"line":41,"column":6},"end":{"line":41,"column":null}},"16":{"start":{"line":42,"column":6},"end":{"line":42,"column":null}},"17":{"start":{"line":44,"column":6},"end":{"line":44,"column":null}},"18":{"start":{"line":45,"column":6},"end":{"line":45,"column":null}},"19":{"start":{"line":49,"column":2},"end":{"line":49,"column":null}},"20":{"start":{"line":57,"column":2},"end":{"line":57,"column":null}},"21":{"start":{"line":58,"column":17},"end":{"line":58,"column":null}},"22":{"start":{"line":59,"column":15},"end":{"line":59,"column":69}},"23":{"start":{"line":61,"column":17},"end":{"line":61,"column":54}},"24":{"start":{"line":62,"column":19},"end":{"line":62,"column":77}},"25":{"start":{"line":63,"column":24},"end":{"line":63,"column":75}},"26":{"start":{"line":64,"column":2},"end":{"line":64,"column":null}},"27":{"start":{"line":66,"column":35},"end":{"line":74,"column":null}},"28":{"start":{"line":76,"column":2},"end":{"line":83,"column":null}},"29":{"start":{"line":77,"column":23},"end":{"line":77,"column":114}},"30":{"start":{"line":78,"column":20},"end":{"line":78,"column":78}},"31":{"start":{"line":79,"column":25},"end":{"line":79,"column":79}},"32":{"start":{"line":80,"column":4},"end":{"line":83,"column":null}},"33":{"start":{"line":86,"column":2},"end":{"line":86,"column":null}},"34":{"start":{"line":94,"column":14},"end":{"line":94,"column":57}},"35":{"start":{"line":95,"column":2},"end":{"line":95,"column":null}},"36":{"start":{"line":99,"column":2},"end":{"line":99,"column":null}},"37":{"start":{"line":100,"column":17},"end":{"line":100,"column":null}},"38":{"start":{"line":102,"column":14},"end":{"line":102,"column":70}},"39":{"start":{"line":104,"column":23},"end":{"line":104,"column":81}},"40":{"start":{"line":105,"column":28},"end":{"line":105,"column":86}},"41":{"start":{"line":107,"column":19},"end":{"line":107,"column":77}},"42":{"start":{"line":108,"column":24},"end":{"line":108,"column":72}},"43":{"start":{"line":110,"column":2},"end":{"line":110,"column":null}},"44":{"start":{"line":112,"column":2},"end":{"line":119,"column":null}},"45":{"start":{"line":123,"column":2},"end":{"line":123,"column":null}},"46":{"start":{"line":124,"column":17},"end":{"line":124,"column":null}},"47":{"start":{"line":126,"column":19},"end":{"line":126,"column":59}},"48":{"start":{"line":127,"column":24},"end":{"line":127,"column":69}},"49":{"start":{"line":128,"column":14},"end":{"line":128,"column":77}},"50":{"start":{"line":130,"column":23},"end":{"line":130,"column":53}},"51":{"start":{"line":131,"column":28},"end":{"line":131,"column":63}},"52":{"start":{"line":132,"column":20},"end":{"line":132,"column":91}},"53":{"start":{"line":134,"column":2},"end":{"line":134,"column":null}},"54":{"start":{"line":135,"column":2},"end":{"line":135,"column":null}},"55":{"start":{"line":139,"column":17},"end":{"line":139,"column":null}},"56":{"start":{"line":140,"column":22},"end":{"line":140,"column":78}},"57":{"start":{"line":141,"column":2},"end":{"line":141,"column":null}},"58":{"start":{"line":145,"column":2},"end":{"line":145,"column":null}},"59":{"start":{"line":146,"column":14},"end":{"line":146,"column":49}},"60":{"start":{"line":147,"column":2},"end":{"line":147,"column":null}},"61":{"start":{"line":151,"column":17},"end":{"line":151,"column":null}},"62":{"start":{"line":152,"column":22},"end":{"line":152,"column":48}},"63":{"start":{"line":153,"column":2},"end":{"line":153,"column":null}}},"fnMap":{"0":{"name":"unlockGlobalMasterKey","decl":{"start":{"line":17,"column":22},"end":{"line":17,"column":null}},"loc":{"start":{"line":21,"column":23},"end":{"line":49,"column":null}},"line":21},"1":{"name":"reconstructGlobalIdentity","decl":{"start":{"line":52,"column":22},"end":{"line":52,"column":null}},"loc":{"start":{"line":56,"column":58},"end":{"line":86,"column":null}},"line":56},"2":{"name":"setupGlobalIdentity","decl":{"start":{"line":89,"column":22},"end":{"line":89,"column":null}},"loc":{"start":{"line":93,"column":58},"end":{"line":95,"column":null}},"line":93},"3":{"name":"generateLocalVault","decl":{"start":{"line":98,"column":22},"end":{"line":98,"column":41}},"loc":{"start":{"line":98,"column":105},"end":{"line":119,"column":null}},"line":98},"4":{"name":"decryptLocalVault","decl":{"start":{"line":122,"column":22},"end":{"line":122,"column":40}},"loc":{"start":{"line":122,"column":102},"end":{"line":135,"column":null}},"line":122},"5":{"name":"generateRecoveryKey","decl":{"start":{"line":138,"column":16},"end":{"line":138,"column":46}},"loc":{"start":{"line":138,"column":46},"end":{"line":141,"column":null}},"line":138},"6":{"name":"deriveGmkFromRecoveryKey","decl":{"start":{"line":144,"column":22},"end":{"line":144,"column":47}},"loc":{"start":{"line":144,"column":89},"end":{"line":147,"column":null}},"line":144},"7":{"name":"generateHardwareKey","decl":{"start":{"line":150,"column":16},"end":{"line":150,"column":46}},"loc":{"start":{"line":150,"column":46},"end":{"line":153,"column":null}},"line":150}},"branchMap":{"0":{"loc":{"start":{"line":25,"column":2},"end":{"line":31,"column":null}},"type":"if","locations":[{"start":{"line":25,"column":2},"end":{"line":31,"column":null}},{"start":{},"end":{}}],"line":25},"1":{"loc":{"start":{"line":25,"column":6},"end":{"line":25,"column":45}},"type":"binary-expr","locations":[{"start":{"line":25,"column":6},"end":{"line":25,"column":21}},{"start":{"line":25,"column":21},"end":{"line":25,"column":45}}],"line":25},"2":{"loc":{"start":{"line":34,"column":2},"end":{"line":45,"column":null}},"type":"if","locations":[{"start":{"line":34,"column":2},"end":{"line":45,"column":null}},{"start":{},"end":{}}],"line":34},"3":{"loc":{"start":{"line":76,"column":2},"end":{"line":83,"column":null}},"type":"if","locations":[{"start":{"line":76,"column":2},"end":{"line":83,"column":null}},{"start":{},"end":{}}],"line":76}},"s":{"0":3,"1":3,"2":3,"3":1,"4":1,"5":1,"6":1,"7":1,"8":2,"9":2,"10":2,"11":2,"12":2,"13":2,"14":2,"15":2,"16":2,"17":1,"18":1,"19":0,"20":4,"21":4,"22":4,"23":4,"24":4,"25":4,"26":4,"27":4,"28":4,"29":1,"30":1,"31":1,"32":1,"33":4,"34":4,"35":4,"36":1,"37":1,"38":1,"39":1,"40":1,"41":1,"42":1,"43":1,"44":1,"45":1,"46":1,"47":1,"48":1,"49":1,"50":1,"51":1,"52":1,"53":1,"54":1,"55":4,"56":4,"57":4,"58":4,"59":4,"60":4,"61":0,"62":0,"63":0},"f":{"0":3,"1":4,"2":4,"3":1,"4":1,"5":4,"6":4,"7":0},"b":{"0":[1,2],"1":[3,1],"2":[2,0],"3":[1,3]},"meta":{"lastBranch":4,"lastFunction":8,"lastStatement":64,"seen":{"f:17:22:17:Infinity":0,"s:22:2:22:Infinity":0,"s:23:17:23:Infinity":1,"b:25:2:31:Infinity:undefined:undefined:undefined:undefined":0,"s:25:2:31:Infinity":2,"b:25:6:25:21:25:21:25:45":1,"s:26:23:26:114":3,"s:27:20:27:65":4,"s:28:25:28:75":5,"s:29:4:31:Infinity":6,"s:30:6:30:Infinity":7,"b:34:2:45:Infinity:undefined:undefined:undefined:undefined":2,"s:34:2:45:Infinity":8,"s:35:20:35:50":9,"s:36:19:36:53":10,"s:37:21:37:66":11,"s:38:26:38:76":12,"s:39:4:45:Infinity":13,"s:40:18:40:84":14,"s:41:6:41:Infinity":15,"s:42:6:42:Infinity":16,"s:44:6:44:Infinity":17,"s:45:6:45:Infinity":18,"s:49:2:49:Infinity":19,"f:52:22:52:Infinity":1,"s:57:2:57:Infinity":20,"s:58:17:58:Infinity":21,"s:59:15:59:69":22,"s:61:17:61:54":23,"s:62:19:62:77":24,"s:63:24:63:75":25,"s:64:2:64:Infinity":26,"s:66:35:74:Infinity":27,"b:76:2:83:Infinity:undefined:undefined:undefined:undefined":3,"s:76:2:83:Infinity":28,"s:77:23:77:114":29,"s:78:20:78:78":30,"s:79:25:79:79":31,"s:80:4:83:Infinity":32,"s:86:2:86:Infinity":33,"f:89:22:89:Infinity":2,"s:94:14:94:57":34,"s:95:2:95:Infinity":35,"f:98:22:98:41":3,"s:99:2:99:Infinity":36,"s:100:17:100:Infinity":37,"s:102:14:102:70":38,"s:104:23:104:81":39,"s:105:28:105:86":40,"s:107:19:107:77":41,"s:108:24:108:72":42,"s:110:2:110:Infinity":43,"s:112:2:119:Infinity":44,"f:122:22:122:40":4,"s:123:2:123:Infinity":45,"s:124:17:124:Infinity":46,"s:126:19:126:59":47,"s:127:24:127:69":48,"s:128:14:128:77":49,"s:130:23:130:53":50,"s:131:28:131:63":51,"s:132:20:132:91":52,"s:134:2:134:Infinity":53,"s:135:2:135:Infinity":54,"f:138:16:138:46":5,"s:139:17:139:Infinity":55,"s:140:22:140:78":56,"s:141:2:141:Infinity":57,"f:144:22:144:47":6,"s:145:2:145:Infinity":58,"s:146:14:146:49":59,"s:147:2:147:Infinity":60,"f:150:16:150:46":7,"s:151:17:151:Infinity":61,"s:152:22:152:48":62,"s:153:2:153:Infinity":63}}}
,"/Users/lgarzon/vault/src/core/exec.ts": {"path":"/Users/lgarzon/vault/src/core/exec.ts","statementMap":{"0":{"start":{"line":10,"column":19},"end":{"line":10,"column":null}},"1":{"start":{"line":14,"column":2},"end":{"line":16,"column":null}},"2":{"start":{"line":15,"column":4},"end":{"line":15,"column":null}},"3":{"start":{"line":16,"column":4},"end":{"line":16,"column":null}},"4":{"start":{"line":19,"column":2},"end":{"line":56,"column":null}},"5":{"start":{"line":20,"column":18},"end":{"line":20,"column":null}},"6":{"start":{"line":21,"column":4},"end":{"line":21,"column":null}},"7":{"start":{"line":22,"column":4},"end":{"line":22,"column":null}},"8":{"start":{"line":24,"column":10},"end":{"line":27,"column":6}},"9":{"start":{"line":29,"column":4},"end":{"line":34,"column":null}},"10":{"start":{"line":30,"column":6},"end":{"line":30,"column":null}},"11":{"start":{"line":30,"column":24},"end":{"line":30,"column":null}},"12":{"start":{"line":31,"column":6},"end":{"line":31,"column":null}},"13":{"start":{"line":32,"column":6},"end":{"line":32,"column":null}},"14":{"start":{"line":33,"column":6},"end":{"line":33,"column":null}},"15":{"start":{"line":36,"column":4},"end":{"line":39,"column":null}},"16":{"start":{"line":37,"column":6},"end":{"line":37,"column":null}},"17":{"start":{"line":38,"column":6},"end":{"line":38,"column":null}},"18":{"start":{"line":41,"column":27},"end":{"line":41,"column":null}},"19":{"start":{"line":43,"column":10},"end":{"line":46,"column":6}},"20":{"start":{"line":48,"column":4},"end":{"line":51,"column":null}},"21":{"start":{"line":49,"column":6},"end":{"line":49,"column":null}},"22":{"start":{"line":49,"column":24},"end":{"line":49,"column":null}},"23":{"start":{"line":50,"column":6},"end":{"line":50,"column":null}},"24":{"start":{"line":53,"column":4},"end":{"line":56,"column":null}},"25":{"start":{"line":54,"column":6},"end":{"line":54,"column":null}},"26":{"start":{"line":55,"column":6},"end":{"line":55,"column":null}}},"fnMap":{"0":{"name":"execWithEnv","decl":{"start":{"line":9,"column":22},"end":{"line":9,"column":34}},"loc":{"start":{"line":9,"column":123},"end":{"line":56,"column":null}},"line":9},"1":{"name":"(anonymous_1)","decl":{"start":{"line":29,"column":21},"end":{"line":29,"column":28}},"loc":{"start":{"line":29,"column":37},"end":{"line":34,"column":null}},"line":29},"2":{"name":"(anonymous_2)","decl":{"start":{"line":36,"column":13},"end":{"line":36,"column":23}},"loc":{"start":{"line":36,"column":31},"end":{"line":39,"column":null}},"line":36},"3":{"name":"(anonymous_3)","decl":{"start":{"line":48,"column":21},"end":{"line":48,"column":28}},"loc":{"start":{"line":48,"column":37},"end":{"line":51,"column":null}},"line":48},"4":{"name":"(anonymous_4)","decl":{"start":{"line":53,"column":13},"end":{"line":53,"column":23}},"loc":{"start":{"line":53,"column":31},"end":{"line":56,"column":null}},"line":53}},"branchMap":{"0":{"loc":{"start":{"line":14,"column":2},"end":{"line":16,"column":null}},"type":"if","locations":[{"start":{"line":14,"column":2},"end":{"line":16,"column":null}},{"start":{},"end":{}}],"line":14},"1":{"loc":{"start":{"line":19,"column":2},"end":{"line":56,"column":null}},"type":"if","locations":[{"start":{"line":19,"column":2},"end":{"line":56,"column":null}},{"start":{"line":40,"column":9},"end":{"line":56,"column":null}}],"line":19},"2":{"loc":{"start":{"line":20,"column":18},"end":{"line":20,"column":null}},"type":"binary-expr","locations":[{"start":{"line":20,"column":18},"end":{"line":20,"column":39}},{"start":{"line":20,"column":39},"end":{"line":20,"column":null}}],"line":20},"3":{"loc":{"start":{"line":30,"column":6},"end":{"line":30,"column":null}},"type":"if","locations":[{"start":{"line":30,"column":6},"end":{"line":30,"column":null}},{"start":{},"end":{}}],"line":30},"4":{"loc":{"start":{"line":33,"column":19},"end":{"line":33,"column":29}},"type":"binary-expr","locations":[{"start":{"line":33,"column":19},"end":{"line":33,"column":27}},{"start":{"line":33,"column":27},"end":{"line":33,"column":29}}],"line":33},"5":{"loc":{"start":{"line":49,"column":6},"end":{"line":49,"column":null}},"type":"if","locations":[{"start":{"line":49,"column":6},"end":{"line":49,"column":null}},{"start":{},"end":{}}],"line":49},"6":{"loc":{"start":{"line":50,"column":19},"end":{"line":50,"column":29}},"type":"binary-expr","locations":[{"start":{"line":50,"column":19},"end":{"line":50,"column":27}},{"start":{"line":50,"column":27},"end":{"line":50,"column":29}}],"line":50}},"s":{"0":6,"1":6,"2":1,"3":1,"4":6,"5":3,"6":3,"7":3,"8":3,"9":3,"10":2,"11":1,"12":2,"13":2,"14":2,"15":3,"16":1,"17":1,"18":3,"19":3,"20":3,"21":2,"22":0,"23":2,"24":3,"25":1,"26":1},"f":{"0":6,"1":2,"2":1,"3":2,"4":1},"b":{"0":[1,5],"1":[3,3],"2":[3,0],"3":[1,1],"4":[2,1],"5":[0,2],"6":[2,1]},"meta":{"lastBranch":7,"lastFunction":5,"lastStatement":27,"seen":{"f:9:22:9:34":0,"s:10:19:10:Infinity":0,"b:14:2:16:Infinity:undefined:undefined:undefined:undefined":0,"s:14:2:16:Infinity":1,"s:15:4:15:Infinity":2,"s:16:4:16:Infinity":3,"b:19:2:56:Infinity:40:9:56:Infinity":1,"s:19:2:56:Infinity":4,"s:20:18:20:Infinity":5,"b:20:18:20:39:20:39:20:Infinity":2,"s:21:4:21:Infinity":6,"s:22:4:22:Infinity":7,"s:24:10:27:6":8,"s:29:4:34:Infinity":9,"f:29:21:29:28":1,"b:30:6:30:Infinity:undefined:undefined:undefined:undefined":3,"s:30:6:30:Infinity":10,"s:30:24:30:Infinity":11,"s:31:6:31:Infinity":12,"s:32:6:32:Infinity":13,"s:33:6:33:Infinity":14,"b:33:19:33:27:33:27:33:29":4,"s:36:4:39:Infinity":15,"f:36:13:36:23":2,"s:37:6:37:Infinity":16,"s:38:6:38:Infinity":17,"s:41:27:41:Infinity":18,"s:43:10:46:6":19,"s:48:4:51:Infinity":20,"f:48:21:48:28":3,"b:49:6:49:Infinity:undefined:undefined:undefined:undefined":5,"s:49:6:49:Infinity":21,"s:49:24:49:Infinity":22,"s:50:6:50:Infinity":23,"b:50:19:50:27:50:27:50:29":6,"s:53:4:56:Infinity":24,"f:53:13:53:23":4,"s:54:6:54:Infinity":25,"s:55:6:55:Infinity":26}}}
,"/Users/lgarzon/vault/src/core/hardware-key.ts": {"path":"/Users/lgarzon/vault/src/core/hardware-key.ts","statementMap":{"0":{"start":{"line":10,"column":6},"end":{"line":10,"column":41}},"1":{"start":{"line":11,"column":18},"end":{"line":11,"column":62}},"2":{"start":{"line":17,"column":2},"end":{"line":37,"column":null}},"3":{"start":{"line":19,"column":4},"end":{"line":19,"column":null}},"4":{"start":{"line":20,"column":4},"end":{"line":20,"column":null}},"5":{"start":{"line":22,"column":4},"end":{"line":37,"column":null}},"6":{"start":{"line":23,"column":6},"end":{"line":23,"column":null}},"7":{"start":{"line":27,"column":31},"end":{"line":27,"column":88}},"8":{"start":{"line":28,"column":22},"end":{"line":28,"column":null}},"9":{"start":{"line":31,"column":6},"end":{"line":31,"column":null}},"10":{"start":{"line":32,"column":6},"end":{"line":32,"column":null}},"11":{"start":{"line":33,"column":6},"end":{"line":33,"column":null}},"12":{"start":{"line":35,"column":6},"end":{"line":35,"column":null}},"13":{"start":{"line":36,"column":6},"end":{"line":36,"column":null}},"14":{"start":{"line":37,"column":6},"end":{"line":37,"column":null}},"15":{"start":{"line":47,"column":21},"end":{"line":47,"column":62}},"16":{"start":{"line":48,"column":20},"end":{"line":48,"column":63}},"17":{"start":{"line":50,"column":18},"end":{"line":50,"column":null}},"18":{"start":{"line":51,"column":2},"end":{"line":54,"column":null}},"19":{"start":{"line":52,"column":4},"end":{"line":52,"column":null}},"20":{"start":{"line":53,"column":13},"end":{"line":54,"column":null}},"21":{"start":{"line":54,"column":4},"end":{"line":54,"column":null}},"22":{"start":{"line":57,"column":2},"end":{"line":58,"column":null}},"23":{"start":{"line":58,"column":4},"end":{"line":58,"column":null}},"24":{"start":{"line":61,"column":2},"end":{"line":61,"column":null}},"25":{"start":{"line":65,"column":2},"end":{"line":66,"column":null}},"26":{"start":{"line":66,"column":4},"end":{"line":66,"column":null}},"27":{"start":{"line":69,"column":2},"end":{"line":74,"column":null}},"28":{"start":{"line":70,"column":23},"end":{"line":70,"column":105}},"29":{"start":{"line":71,"column":4},"end":{"line":71,"column":null}},"30":{"start":{"line":71,"column":37},"end":{"line":71,"column":null}},"31":{"start":{"line":72,"column":4},"end":{"line":72,"column":null}},"32":{"start":{"line":74,"column":4},"end":{"line":74,"column":null}},"33":{"start":{"line":79,"column":2},"end":{"line":79,"column":null}},"34":{"start":{"line":79,"column":34},"end":{"line":79,"column":null}},"35":{"start":{"line":81,"column":2},"end":{"line":87,"column":null}},"36":{"start":{"line":82,"column":23},"end":{"line":82,"column":99}},"37":{"start":{"line":83,"column":4},"end":{"line":83,"column":null}},"38":{"start":{"line":85,"column":4},"end":{"line":85,"column":null}},"39":{"start":{"line":86,"column":4},"end":{"line":86,"column":null}},"40":{"start":{"line":86,"column":22},"end":{"line":86,"column":null}},"41":{"start":{"line":87,"column":4},"end":{"line":87,"column":null}}},"fnMap":{"0":{"name":"ensureSigned","decl":{"start":{"line":16,"column":9},"end":{"line":16,"column":22}},"loc":{"start":{"line":16,"column":51},"end":{"line":37,"column":null}},"line":16},"1":{"name":"getBridgePath","decl":{"start":{"line":45,"column":9},"end":{"line":45,"column":33}},"loc":{"start":{"line":45,"column":33},"end":{"line":61,"column":null}},"line":45},"2":{"name":"storeHardwareKey","decl":{"start":{"line":64,"column":22},"end":{"line":64,"column":39}},"loc":{"start":{"line":64,"column":145},"end":{"line":74,"column":null}},"line":64},"3":{"name":"retrieveHardwareKey","decl":{"start":{"line":78,"column":22},"end":{"line":78,"column":42}},"loc":{"start":{"line":78,"column":108},"end":{"line":87,"column":null}},"line":78}},"branchMap":{"0":{"loc":{"start":{"line":28,"column":22},"end":{"line":28,"column":null}},"type":"cond-expr","locations":[{"start":{"line":28,"column":56},"end":{"line":28,"column":97}},{"start":{"line":28,"column":97},"end":{"line":28,"column":null}}],"line":28},"1":{"loc":{"start":{"line":51,"column":2},"end":{"line":54,"column":null}},"type":"if","locations":[{"start":{"line":51,"column":2},"end":{"line":54,"column":null}},{"start":{"line":53,"column":13},"end":{"line":54,"column":null}}],"line":51},"2":{"loc":{"start":{"line":53,"column":13},"end":{"line":54,"column":null}},"type":"if","locations":[{"start":{"line":53,"column":13},"end":{"line":54,"column":null}},{"start":{},"end":{}}],"line":53},"3":{"loc":{"start":{"line":57,"column":2},"end":{"line":58,"column":null}},"type":"if","locations":[{"start":{"line":57,"column":2},"end":{"line":58,"column":null}},{"start":{},"end":{}}],"line":57},"4":{"loc":{"start":{"line":57,"column":6},"end":{"line":57,"column":47}},"type":"binary-expr","locations":[{"start":{"line":57,"column":6},"end":{"line":57,"column":19}},{"start":{"line":57,"column":19},"end":{"line":57,"column":47}}],"line":57},"5":{"loc":{"start":{"line":61,"column":9},"end":{"line":61,"column":null}},"type":"binary-expr","locations":[{"start":{"line":61,"column":9},"end":{"line":61,"column":22}},{"start":{"line":61,"column":22},"end":{"line":61,"column":null}}],"line":61},"6":{"loc":{"start":{"line":65,"column":2},"end":{"line":66,"column":null}},"type":"if","locations":[{"start":{"line":65,"column":2},"end":{"line":66,"column":null}},{"start":{},"end":{}}],"line":65},"7":{"loc":{"start":{"line":71,"column":4},"end":{"line":71,"column":null}},"type":"if","locations":[{"start":{"line":71,"column":4},"end":{"line":71,"column":null}},{"start":{},"end":{}}],"line":71},"8":{"loc":{"start":{"line":74,"column":36},"end":{"line":74,"column":93}},"type":"binary-expr","locations":[{"start":{"line":74,"column":36},"end":{"line":74,"column":54}},{"start":{"line":74,"column":58},"end":{"line":74,"column":76}},{"start":{"line":74,"column":80},"end":{"line":74,"column":93}}],"line":74},"9":{"loc":{"start":{"line":79,"column":2},"end":{"line":79,"column":null}},"type":"if","locations":[{"start":{"line":79,"column":2},"end":{"line":79,"column":null}},{"start":{},"end":{}}],"line":79},"10":{"loc":{"start":{"line":83,"column":11},"end":{"line":83,"column":null}},"type":"binary-expr","locations":[{"start":{"line":83,"column":11},"end":{"line":83,"column":24}},{"start":{"line":83,"column":28},"end":{"line":83,"column":null}}],"line":83},"11":{"loc":{"start":{"line":86,"column":4},"end":{"line":86,"column":null}},"type":"if","locations":[{"start":{"line":86,"column":4},"end":{"line":86,"column":null}},{"start":{},"end":{}}],"line":86}},"s":{"0":10,"1":10,"2":6,"3":6,"4":6,"5":1,"6":1,"7":1,"8":1,"9":1,"10":1,"11":1,"12":1,"13":1,"14":1,"15":7,"16":7,"17":7,"18":7,"19":6,"20":1,"21":0,"22":7,"23":6,"24":7,"25":4,"26":1,"27":3,"28":3,"29":1,"30":1,"31":0,"32":2,"33":5,"34":1,"35":4,"36":4,"37":3,"38":1,"39":1,"40":0,"41":1},"f":{"0":6,"1":7,"2":4,"3":5},"b":{"0":[1,0],"1":[6,1],"2":[0,1],"3":[6,1],"4":[7,6],"5":[7,1],"6":[1,3],"7":[1,0],"8":[2,2,2],"9":[1,4],"10":[3,0],"11":[0,1]},"meta":{"lastBranch":12,"lastFunction":4,"lastStatement":42,"seen":{"s:10:6:10:41":0,"s:11:18:11:62":1,"f:16:9:16:22":0,"s:17:2:37:Infinity":2,"s:19:4:19:Infinity":3,"s:20:4:20:Infinity":4,"s:22:4:37:Infinity":5,"s:23:6:23:Infinity":6,"s:27:31:27:88":7,"s:28:22:28:Infinity":8,"b:28:56:28:97:28:97:28:Infinity":0,"s:31:6:31:Infinity":9,"s:32:6:32:Infinity":10,"s:33:6:33:Infinity":11,"s:35:6:35:Infinity":12,"s:36:6:36:Infinity":13,"s:37:6:37:Infinity":14,"f:45:9:45:33":1,"s:47:21:47:62":15,"s:48:20:48:63":16,"s:50:18:50:Infinity":17,"b:51:2:54:Infinity:53:13:54:Infinity":1,"s:51:2:54:Infinity":18,"s:52:4:52:Infinity":19,"b:53:13:54:Infinity:undefined:undefined:undefined:undefined":2,"s:53:13:54:Infinity":20,"s:54:4:54:Infinity":21,"b:57:2:58:Infinity:undefined:undefined:undefined:undefined":3,"s:57:2:58:Infinity":22,"b:57:6:57:19:57:19:57:47":4,"s:58:4:58:Infinity":23,"s:61:2:61:Infinity":24,"b:61:9:61:22:61:22:61:Infinity":5,"f:64:22:64:39":2,"b:65:2:66:Infinity:undefined:undefined:undefined:undefined":6,"s:65:2:66:Infinity":25,"s:66:4:66:Infinity":26,"s:69:2:74:Infinity":27,"s:70:23:70:105":28,"b:71:4:71:Infinity:undefined:undefined:undefined:undefined":7,"s:71:4:71:Infinity":29,"s:71:37:71:Infinity":30,"s:72:4:72:Infinity":31,"s:74:4:74:Infinity":32,"b:74:36:74:54:74:58:74:76:74:80:74:93":8,"f:78:22:78:42":3,"b:79:2:79:Infinity:undefined:undefined:undefined:undefined":9,"s:79:2:79:Infinity":33,"s:79:34:79:Infinity":34,"s:81:2:87:Infinity":35,"s:82:23:82:99":36,"s:83:4:83:Infinity":37,"b:83:11:83:24:83:28:83:Infinity":10,"s:85:4:85:Infinity":38,"b:86:4:86:Infinity:undefined:undefined:undefined:undefined":11,"s:86:4:86:Infinity":39,"s:86:22:86:Infinity":40,"s:87:4:87:Infinity":41}}}
,"/Users/lgarzon/vault/src/core/identity.ts": {"path":"/Users/lgarzon/vault/src/core/identity.ts","statementMap":{"0":{"start":{"line":15,"column":2},"end":{"line":15,"column":null}},"1":{"start":{"line":19,"column":2},"end":{"line":19,"column":null}},"2":{"start":{"line":23,"column":2},"end":{"line":23,"column":null}},"3":{"start":{"line":27,"column":12},"end":{"line":27,"column":29}},"4":{"start":{"line":28,"column":2},"end":{"line":28,"column":null}},"5":{"start":{"line":28,"column":25},"end":{"line":28,"column":null}},"6":{"start":{"line":29,"column":2},"end":{"line":32,"column":null}},"7":{"start":{"line":30,"column":4},"end":{"line":30,"column":null}},"8":{"start":{"line":32,"column":4},"end":{"line":32,"column":null}},"9":{"start":{"line":37,"column":12},"end":{"line":37,"column":29}},"10":{"start":{"line":38,"column":2},"end":{"line":38,"column":null}},"11":{"start":{"line":39,"column":2},"end":{"line":39,"column":null}}},"fnMap":{"0":{"name":"getVaultRoot","decl":{"start":{"line":14,"column":16},"end":{"line":14,"column":39}},"loc":{"start":{"line":14,"column":39},"end":{"line":15,"column":null}},"line":14},"1":{"name":"getIdentityPath","decl":{"start":{"line":18,"column":16},"end":{"line":18,"column":42}},"loc":{"start":{"line":18,"column":42},"end":{"line":19,"column":null}},"line":18},"2":{"name":"getGlobalVaultPath","decl":{"start":{"line":22,"column":16},"end":{"line":22,"column":45}},"loc":{"start":{"line":22,"column":45},"end":{"line":23,"column":null}},"line":22},"3":{"name":"loadGlobalIdentity","decl":{"start":{"line":26,"column":16},"end":{"line":26,"column":60}},"loc":{"start":{"line":26,"column":60},"end":{"line":32,"column":null}},"line":26},"4":{"name":"saveGlobalIdentity","decl":{"start":{"line":36,"column":16},"end":{"line":36,"column":35}},"loc":{"start":{"line":36,"column":61},"end":{"line":39,"column":null}},"line":36}},"branchMap":{"0":{"loc":{"start":{"line":15,"column":9},"end":{"line":15,"column":73}},"type":"binary-expr","locations":[{"start":{"line":15,"column":9},"end":{"line":15,"column":40}},{"start":{"line":15,"column":40},"end":{"line":15,"column":73}}],"line":15},"1":{"loc":{"start":{"line":28,"column":2},"end":{"line":28,"column":null}},"type":"if","locations":[{"start":{"line":28,"column":2},"end":{"line":28,"column":null}},{"start":{},"end":{}}],"line":28}},"s":{"0":10,"1":9,"2":0,"3":2,"4":2,"5":1,"6":1,"7":1,"8":0,"9":1,"10":1,"11":1},"f":{"0":10,"1":9,"2":0,"3":2,"4":1},"b":{"0":[10,0],"1":[1,1]},"meta":{"lastBranch":2,"lastFunction":5,"lastStatement":12,"seen":{"f:14:16:14:39":0,"s:15:2:15:Infinity":0,"b:15:9:15:40:15:40:15:73":0,"f:18:16:18:42":1,"s:19:2:19:Infinity":1,"f:22:16:22:45":2,"s:23:2:23:Infinity":2,"f:26:16:26:60":3,"s:27:12:27:29":3,"b:28:2:28:Infinity:undefined:undefined:undefined:undefined":1,"s:28:2:28:Infinity":4,"s:28:25:28:Infinity":5,"s:29:2:32:Infinity":6,"s:30:4:30:Infinity":7,"s:32:4:32:Infinity":8,"f:36:16:36:35":4,"s:37:12:37:29":9,"s:38:2:38:Infinity":10,"s:39:2:39:Infinity":11}}}
,"/Users/lgarzon/vault/src/core/run.ts": {"path":"/Users/lgarzon/vault/src/core/run.ts","statementMap":{"0":{"start":{"line":21,"column":19},"end":{"line":21,"column":null}},"1":{"start":{"line":25,"column":2},"end":{"line":27,"column":null}},"2":{"start":{"line":26,"column":23},"end":{"line":26,"column":76}},"3":{"start":{"line":27,"column":4},"end":{"line":27,"column":null}},"4":{"start":{"line":27,"column":20},"end":{"line":27,"column":null}},"5":{"start":{"line":30,"column":8},"end":{"line":30,"column":39}},"6":{"start":{"line":32,"column":2},"end":{"line":95,"column":null}},"7":{"start":{"line":33,"column":4},"end":{"line":33,"column":null}},"8":{"start":{"line":34,"column":19},"end":{"line":34,"column":null}},"9":{"start":{"line":35,"column":4},"end":{"line":43,"column":null}},"10":{"start":{"line":36,"column":19},"end":{"line":41,"column":8}},"11":{"start":{"line":39,"column":10},"end":{"line":39,"column":null}},"12":{"start":{"line":39,"column":42},"end":{"line":39,"column":null}},"13":{"start":{"line":42,"column":6},"end":{"line":42,"column":null}},"14":{"start":{"line":42,"column":28},"end":{"line":42,"column":null}},"15":{"start":{"line":43,"column":6},"end":{"line":43,"column":null}},"16":{"start":{"line":46,"column":10},"end":{"line":46,"column":45}},"17":{"start":{"line":47,"column":10},"end":{"line":47,"column":51}},"18":{"start":{"line":48,"column":20},"end":{"line":48,"column":null}},"19":{"start":{"line":50,"column":19},"end":{"line":50,"column":104}},"20":{"start":{"line":51,"column":4},"end":{"line":51,"column":null}},"21":{"start":{"line":51,"column":24},"end":{"line":51,"column":null}},"22":{"start":{"line":53,"column":37},"end":{"line":53,"column":128}},"23":{"start":{"line":54,"column":4},"end":{"line":54,"column":null}},"24":{"start":{"line":56,"column":4},"end":{"line":56,"column":null}},"25":{"start":{"line":57,"column":4},"end":{"line":57,"column":null}},"26":{"start":{"line":58,"column":4},"end":{"line":58,"column":null}},"27":{"start":{"line":59,"column":4},"end":{"line":59,"column":null}},"28":{"start":{"line":60,"column":4},"end":{"line":60,"column":null}},"29":{"start":{"line":61,"column":4},"end":{"line":62,"column":null}},"30":{"start":{"line":62,"column":6},"end":{"line":62,"column":null}},"31":{"start":{"line":65,"column":4},"end":{"line":65,"column":null}},"32":{"start":{"line":67,"column":4},"end":{"line":79,"column":null}},"33":{"start":{"line":68,"column":6},"end":{"line":68,"column":null}},"34":{"start":{"line":69,"column":20},"end":{"line":69,"column":89}},"35":{"start":{"line":70,"column":6},"end":{"line":79,"column":null}},"36":{"start":{"line":71,"column":9},"end":{"line":76,"column":null}},"37":{"start":{"line":72,"column":23},"end":{"line":72,"column":78}},"38":{"start":{"line":73,"column":11},"end":{"line":73,"column":null}},"39":{"start":{"line":74,"column":11},"end":{"line":74,"column":null}},"40":{"start":{"line":76,"column":11},"end":{"line":76,"column":null}},"41":{"start":{"line":79,"column":8},"end":{"line":79,"column":null}},"42":{"start":{"line":83,"column":19},"end":{"line":83,"column":null}},"43":{"start":{"line":84,"column":4},"end":{"line":92,"column":null}},"44":{"start":{"line":85,"column":19},"end":{"line":90,"column":8}},"45":{"start":{"line":88,"column":10},"end":{"line":88,"column":null}},"46":{"start":{"line":88,"column":42},"end":{"line":88,"column":null}},"47":{"start":{"line":91,"column":6},"end":{"line":91,"column":null}},"48":{"start":{"line":91,"column":28},"end":{"line":91,"column":null}},"49":{"start":{"line":92,"column":6},"end":{"line":92,"column":null}},"50":{"start":{"line":95,"column":4},"end":{"line":95,"column":null}},"51":{"start":{"line":100,"column":14},"end":{"line":100,"column":60}},"52":{"start":{"line":101,"column":18},"end":{"line":101,"column":65}},"53":{"start":{"line":103,"column":20},"end":{"line":103,"column":59}},"54":{"start":{"line":104,"column":2},"end":{"line":104,"column":null}},"55":{"start":{"line":106,"column":2},"end":{"line":106,"column":null}},"56":{"start":{"line":107,"column":2},"end":{"line":107,"column":null}},"57":{"start":{"line":111,"column":2},"end":{"line":111,"column":null}},"58":{"start":{"line":113,"column":25},"end":{"line":113,"column":64}},"59":{"start":{"line":114,"column":8},"end":{"line":114,"column":46}},"60":{"start":{"line":116,"column":2},"end":{"line":118,"column":null}},"61":{"start":{"line":117,"column":4},"end":{"line":117,"column":null}},"62":{"start":{"line":118,"column":4},"end":{"line":118,"column":null}},"63":{"start":{"line":122,"column":2},"end":{"line":126,"column":null}},"64":{"start":{"line":123,"column":4},"end":{"line":123,"column":null}},"65":{"start":{"line":125,"column":4},"end":{"line":125,"column":null}},"66":{"start":{"line":126,"column":4},"end":{"line":126,"column":null}},"67":{"start":{"line":129,"column":44},"end":{"line":129,"column":46}},"68":{"start":{"line":132,"column":2},"end":{"line":139,"column":null}},"69":{"start":{"line":133,"column":4},"end":{"line":139,"column":null}},"70":{"start":{"line":134,"column":28},"end":{"line":134,"column":69}},"71":{"start":{"line":135,"column":47},"end":{"line":135,"column":72}},"72":{"start":{"line":136,"column":30},"end":{"line":136,"column":73}},"73":{"start":{"line":137,"column":6},"end":{"line":137,"column":null}},"74":{"start":{"line":139,"column":6},"end":{"line":139,"column":null}},"75":{"start":{"line":144,"column":2},"end":{"line":152,"column":null}},"76":{"start":{"line":145,"column":4},"end":{"line":152,"column":null}},"77":{"start":{"line":146,"column":27},"end":{"line":146,"column":67}},"78":{"start":{"line":147,"column":46},"end":{"line":147,"column":70}},"79":{"start":{"line":148,"column":29},"end":{"line":148,"column":71}},"80":{"start":{"line":149,"column":6},"end":{"line":149,"column":null}},"81":{"start":{"line":151,"column":6},"end":{"line":151,"column":null}},"82":{"start":{"line":152,"column":6},"end":{"line":152,"column":null}},"83":{"start":{"line":156,"column":2},"end":{"line":156,"column":null}},"84":{"start":{"line":157,"column":2},"end":{"line":157,"column":null}},"85":{"start":{"line":160,"column":66},"end":{"line":160,"column":null}},"86":{"start":{"line":161,"column":14},"end":{"line":161,"column":57}},"87":{"start":{"line":162,"column":36},"end":{"line":162,"column":85}},"88":{"start":{"line":163,"column":2},"end":{"line":163,"column":null}}},"fnMap":{"0":{"name":"resolveGlobalMasterKey","decl":{"start":{"line":23,"column":22},"end":{"line":23,"column":45}},"loc":{"start":{"line":23,"column":93},"end":{"line":95,"column":null}},"line":23},"1":{"name":"(anonymous_1)","decl":{"start":{"line":38,"column":8},"end":{"line":38,"column":19}},"loc":{"start":{"line":38,"column":29},"end":{"line":39,"column":null}},"line":38},"2":{"name":"(anonymous_2)","decl":{"start":{"line":87,"column":8},"end":{"line":87,"column":19}},"loc":{"start":{"line":87,"column":29},"end":{"line":88,"column":null}},"line":87},"3":{"name":"createLocalVault","decl":{"start":{"line":99,"column":22},"end":{"line":99,"column":39}},"loc":{"start":{"line":99,"column":92},"end":{"line":107,"column":null}},"line":99},"4":{"name":"runVault","decl":{"start":{"line":110,"column":22},"end":{"line":110,"column":31}},"loc":{"start":{"line":110,"column":54},"end":{"line":157,"column":null}},"line":110},"5":{"name":"recoverGlobalIdentity","decl":{"start":{"line":159,"column":22},"end":{"line":159,"column":44}},"loc":{"start":{"line":159,"column":86},"end":{"line":163,"column":null}},"line":159}},"branchMap":{"0":{"loc":{"start":{"line":25,"column":2},"end":{"line":27,"column":null}},"type":"if","locations":[{"start":{"line":25,"column":2},"end":{"line":27,"column":null}},{"start":{},"end":{}}],"line":25},"1":{"loc":{"start":{"line":27,"column":4},"end":{"line":27,"column":null}},"type":"if","locations":[{"start":{"line":27,"column":4},"end":{"line":27,"column":null}},{"start":{},"end":{}}],"line":27},"2":{"loc":{"start":{"line":32,"column":2},"end":{"line":95,"column":null}},"type":"if","locations":[{"start":{"line":32,"column":2},"end":{"line":95,"column":null}},{"start":{"line":66,"column":9},"end":{"line":95,"column":null}}],"line":32},"3":{"loc":{"start":{"line":35,"column":4},"end":{"line":43,"column":null}},"type":"if","locations":[{"start":{"line":35,"column":4},"end":{"line":43,"column":null}},{"start":{},"end":{}}],"line":35},"4":{"loc":{"start":{"line":39,"column":10},"end":{"line":39,"column":null}},"type":"if","locations":[{"start":{"line":39,"column":10},"end":{"line":39,"column":null}},{"start":{},"end":{}}],"line":39},"5":{"loc":{"start":{"line":39,"column":14},"end":{"line":39,"column":42}},"type":"binary-expr","locations":[{"start":{"line":39,"column":14},"end":{"line":39,"column":24}},{"start":{"line":39,"column":24},"end":{"line":39,"column":42}}],"line":39},"6":{"loc":{"start":{"line":42,"column":6},"end":{"line":42,"column":null}},"type":"if","locations":[{"start":{"line":42,"column":6},"end":{"line":42,"column":null}},{"start":{},"end":{}}],"line":42},"7":{"loc":{"start":{"line":51,"column":4},"end":{"line":51,"column":null}},"type":"if","locations":[{"start":{"line":51,"column":4},"end":{"line":51,"column":null}},{"start":{},"end":{}}],"line":51},"8":{"loc":{"start":{"line":53,"column":86},"end":{"line":53,"column":128}},"type":"cond-expr","locations":[{"start":{"line":53,"column":98},"end":{"line":53,"column":118}},{"start":{"line":53,"column":118},"end":{"line":53,"column":128}}],"line":53},"9":{"loc":{"start":{"line":61,"column":4},"end":{"line":62,"column":null}},"type":"if","locations":[{"start":{"line":61,"column":4},"end":{"line":62,"column":null}},{"start":{},"end":{}}],"line":61},"10":{"loc":{"start":{"line":67,"column":4},"end":{"line":79,"column":null}},"type":"if","locations":[{"start":{"line":67,"column":4},"end":{"line":79,"column":null}},{"start":{},"end":{}}],"line":67},"11":{"loc":{"start":{"line":70,"column":6},"end":{"line":79,"column":null}},"type":"if","locations":[{"start":{"line":70,"column":6},"end":{"line":79,"column":null}},{"start":{"line":78,"column":13},"end":{"line":79,"column":null}}],"line":70},"12":{"loc":{"start":{"line":83,"column":19},"end":{"line":83,"column":null}},"type":"binary-expr","locations":[{"start":{"line":83,"column":19},"end":{"line":83,"column":39}},{"start":{"line":83,"column":39},"end":{"line":83,"column":null}}],"line":83},"13":{"loc":{"start":{"line":84,"column":4},"end":{"line":92,"column":null}},"type":"if","locations":[{"start":{"line":84,"column":4},"end":{"line":92,"column":null}},{"start":{},"end":{}}],"line":84},"14":{"loc":{"start":{"line":88,"column":10},"end":{"line":88,"column":null}},"type":"if","locations":[{"start":{"line":88,"column":10},"end":{"line":88,"column":null}},{"start":{},"end":{}}],"line":88},"15":{"loc":{"start":{"line":88,"column":14},"end":{"line":88,"column":42}},"type":"binary-expr","locations":[{"start":{"line":88,"column":14},"end":{"line":88,"column":24}},{"start":{"line":88,"column":24},"end":{"line":88,"column":42}}],"line":88},"16":{"loc":{"start":{"line":91,"column":6},"end":{"line":91,"column":null}},"type":"if","locations":[{"start":{"line":91,"column":6},"end":{"line":91,"column":null}},{"start":{},"end":{}}],"line":91},"17":{"loc":{"start":{"line":116,"column":2},"end":{"line":118,"column":null}},"type":"if","locations":[{"start":{"line":116,"column":2},"end":{"line":118,"column":null}},{"start":{},"end":{}}],"line":116},"18":{"loc":{"start":{"line":116,"column":6},"end":{"line":116,"column":71}},"type":"binary-expr","locations":[{"start":{"line":116,"column":6},"end":{"line":116,"column":36}},{"start":{"line":116,"column":40},"end":{"line":116,"column":71}}],"line":116},"19":{"loc":{"start":{"line":132,"column":2},"end":{"line":139,"column":null}},"type":"if","locations":[{"start":{"line":132,"column":2},"end":{"line":139,"column":null}},{"start":{},"end":{}}],"line":132},"20":{"loc":{"start":{"line":144,"column":2},"end":{"line":152,"column":null}},"type":"if","locations":[{"start":{"line":144,"column":2},"end":{"line":152,"column":null}},{"start":{},"end":{}}],"line":144}},"s":{"0":9,"1":9,"2":1,"3":1,"4":1,"5":8,"6":8,"7":2,"8":2,"9":2,"10":1,"11":0,"12":0,"13":1,"14":0,"15":1,"16":2,"17":2,"18":2,"19":2,"20":2,"21":1,"22":2,"23":2,"24":2,"25":2,"26":2,"27":2,"28":2,"29":2,"30":1,"31":2,"32":6,"33":2,"34":2,"35":2,"36":2,"37":2,"38":1,"39":1,"40":1,"41":0,"42":5,"43":6,"44":4,"45":0,"46":0,"47":4,"48":0,"49":4,"50":5,"51":1,"52":1,"53":1,"54":1,"55":1,"56":1,"57":2,"58":2,"59":2,"60":2,"61":1,"62":1,"63":2,"64":2,"65":0,"66":0,"67":2,"68":2,"69":1,"70":1,"71":1,"72":1,"73":1,"74":0,"75":2,"76":1,"77":1,"78":1,"79":1,"80":1,"81":0,"82":0,"83":2,"84":2,"85":2,"86":2,"87":1,"88":1},"f":{"0":9,"1":0,"2":0,"3":1,"4":2,"5":2},"b":{"0":[1,8],"1":[1,0],"2":[2,6],"3":[1,1],"4":[0,0],"5":[0,0],"6":[0,1],"7":[1,1],"8":[1,1],"9":[1,1],"10":[2,4],"11":[2,0],"12":[5,4],"13":[4,2],"14":[0,0],"15":[0,0],"16":[0,4],"17":[1,1],"18":[2,1],"19":[1,1],"20":[1,1]},"meta":{"lastBranch":21,"lastFunction":6,"lastStatement":89,"seen":{"s:21:19:21:Infinity":0,"f:23:22:23:45":0,"b:25:2:27:Infinity:undefined:undefined:undefined:undefined":0,"s:25:2:27:Infinity":1,"s:26:23:26:76":2,"b:27:4:27:Infinity:undefined:undefined:undefined:undefined":1,"s:27:4:27:Infinity":3,"s:27:20:27:Infinity":4,"s:30:8:30:39":5,"b:32:2:95:Infinity:66:9:95:Infinity":2,"s:32:2:95:Infinity":6,"s:33:4:33:Infinity":7,"s:34:19:34:Infinity":8,"b:35:4:43:Infinity:undefined:undefined:undefined:undefined":3,"s:35:4:43:Infinity":9,"s:36:19:41:8":10,"f:38:8:38:19":1,"b:39:10:39:Infinity:undefined:undefined:undefined:undefined":4,"s:39:10:39:Infinity":11,"b:39:14:39:24:39:24:39:42":5,"s:39:42:39:Infinity":12,"b:42:6:42:Infinity:undefined:undefined:undefined:undefined":6,"s:42:6:42:Infinity":13,"s:42:28:42:Infinity":14,"s:43:6:43:Infinity":15,"s:46:10:46:45":16,"s:47:10:47:51":17,"s:48:20:48:Infinity":18,"s:50:19:50:104":19,"b:51:4:51:Infinity:undefined:undefined:undefined:undefined":7,"s:51:4:51:Infinity":20,"s:51:24:51:Infinity":21,"s:53:37:53:128":22,"b:53:98:53:118:53:118:53:128":8,"s:54:4:54:Infinity":23,"s:56:4:56:Infinity":24,"s:57:4:57:Infinity":25,"s:58:4:58:Infinity":26,"s:59:4:59:Infinity":27,"s:60:4:60:Infinity":28,"b:61:4:62:Infinity:undefined:undefined:undefined:undefined":9,"s:61:4:62:Infinity":29,"s:62:6:62:Infinity":30,"s:65:4:65:Infinity":31,"b:67:4:79:Infinity:undefined:undefined:undefined:undefined":10,"s:67:4:79:Infinity":32,"s:68:6:68:Infinity":33,"s:69:20:69:89":34,"b:70:6:79:Infinity:78:13:79:Infinity":11,"s:70:6:79:Infinity":35,"s:71:9:76:Infinity":36,"s:72:23:72:78":37,"s:73:11:73:Infinity":38,"s:74:11:74:Infinity":39,"s:76:11:76:Infinity":40,"s:79:8:79:Infinity":41,"s:83:19:83:Infinity":42,"b:83:19:83:39:83:39:83:Infinity":12,"b:84:4:92:Infinity:undefined:undefined:undefined:undefined":13,"s:84:4:92:Infinity":43,"s:85:19:90:8":44,"f:87:8:87:19":2,"b:88:10:88:Infinity:undefined:undefined:undefined:undefined":14,"s:88:10:88:Infinity":45,"b:88:14:88:24:88:24:88:42":15,"s:88:42:88:Infinity":46,"b:91:6:91:Infinity:undefined:undefined:undefined:undefined":16,"s:91:6:91:Infinity":47,"s:91:28:91:Infinity":48,"s:92:6:92:Infinity":49,"s:95:4:95:Infinity":50,"f:99:22:99:39":3,"s:100:14:100:60":51,"s:101:18:101:65":52,"s:103:20:103:59":53,"s:104:2:104:Infinity":54,"s:106:2:106:Infinity":55,"s:107:2:107:Infinity":56,"f:110:22:110:31":4,"s:111:2:111:Infinity":57,"s:113:25:113:64":58,"s:114:8:114:46":59,"b:116:2:118:Infinity:undefined:undefined:undefined:undefined":17,"s:116:2:118:Infinity":60,"b:116:6:116:36:116:40:116:71":18,"s:117:4:117:Infinity":61,"s:118:4:118:Infinity":62,"s:122:2:126:Infinity":63,"s:123:4:123:Infinity":64,"s:125:4:125:Infinity":65,"s:126:4:126:Infinity":66,"s:129:44:129:46":67,"b:132:2:139:Infinity:undefined:undefined:undefined:undefined":19,"s:132:2:139:Infinity":68,"s:133:4:139:Infinity":69,"s:134:28:134:69":70,"s:135:47:135:72":71,"s:136:30:136:73":72,"s:137:6:137:Infinity":73,"s:139:6:139:Infinity":74,"b:144:2:152:Infinity:undefined:undefined:undefined:undefined":20,"s:144:2:152:Infinity":75,"s:145:4:152:Infinity":76,"s:146:27:146:67":77,"s:147:46:147:70":78,"s:148:29:148:71":79,"s:149:6:149:Infinity":80,"s:151:6:151:Infinity":81,"s:152:6:152:Infinity":82,"s:156:2:156:Infinity":83,"s:157:2:157:Infinity":84,"f:159:22:159:44":5,"s:160:66:160:Infinity":85,"s:161:14:161:57":86,"s:162:36:162:85":87,"s:163:2:163:Infinity":88}}}
,"/Users/lgarzon/vault/src/core/session.ts": {"path":"/Users/lgarzon/vault/src/core/session.ts","statementMap":{"0":{"start":{"line":8,"column":15},"end":{"line":8,"column":46}},"1":{"start":{"line":9,"column":2},"end":{"line":9,"column":null}},"2":{"start":{"line":16,"column":2},"end":{"line":16,"column":null}},"3":{"start":{"line":17,"column":17},"end":{"line":17,"column":null}},"4":{"start":{"line":19,"column":23},"end":{"line":19,"column":64}},"5":{"start":{"line":20,"column":21},"end":{"line":20,"column":36}},"6":{"start":{"line":21,"column":2},"end":{"line":21,"column":null}},"7":{"start":{"line":23,"column":16},"end":{"line":23,"column":74}},"8":{"start":{"line":24,"column":19},"end":{"line":24,"column":111}},"9":{"start":{"line":25,"column":21},"end":{"line":25,"column":71}},"10":{"start":{"line":27,"column":18},"end":{"line":30,"column":null}},"11":{"start":{"line":33,"column":20},"end":{"line":33,"column":97}},"12":{"start":{"line":34,"column":2},"end":{"line":34,"column":null}},"13":{"start":{"line":36,"column":2},"end":{"line":36,"column":null}},"14":{"start":{"line":43,"column":2},"end":{"line":43,"column":null}},"15":{"start":{"line":44,"column":17},"end":{"line":44,"column":null}},"16":{"start":{"line":46,"column":21},"end":{"line":46,"column":36}},"17":{"start":{"line":47,"column":20},"end":{"line":47,"column":90}},"18":{"start":{"line":48,"column":22},"end":{"line":48,"column":54}},"19":{"start":{"line":50,"column":2},"end":{"line":50,"column":null}},"20":{"start":{"line":50,"column":35},"end":{"line":50,"column":null}},"21":{"start":{"line":52,"column":2},"end":{"line":62,"column":null}},"22":{"start":{"line":53,"column":20},"end":{"line":53,"column":69}},"23":{"start":{"line":54,"column":21},"end":{"line":54,"column":106}},"24":{"start":{"line":55,"column":16},"end":{"line":58,"column":null}},"25":{"start":{"line":60,"column":4},"end":{"line":60,"column":null}},"26":{"start":{"line":62,"column":4},"end":{"line":62,"column":null}},"27":{"start":{"line":70,"column":2},"end":{"line":70,"column":null}},"28":{"start":{"line":71,"column":20},"end":{"line":71,"column":92}},"29":{"start":{"line":72,"column":22},"end":{"line":72,"column":59}},"30":{"start":{"line":73,"column":2},"end":{"line":74,"column":null}},"31":{"start":{"line":74,"column":4},"end":{"line":74,"column":null}}},"fnMap":{"0":{"name":"getSessionDir","decl":{"start":{"line":7,"column":16},"end":{"line":7,"column":40}},"loc":{"start":{"line":7,"column":40},"end":{"line":9,"column":null}},"line":7},"1":{"name":"createSession","decl":{"start":{"line":15,"column":22},"end":{"line":15,"column":36}},"loc":{"start":{"line":15,"column":70},"end":{"line":36,"column":null}},"line":15},"2":{"name":"resolveSession","decl":{"start":{"line":42,"column":22},"end":{"line":42,"column":37}},"loc":{"start":{"line":42,"column":80},"end":{"line":62,"column":null}},"line":42},"3":{"name":"destroySession","decl":{"start":{"line":69,"column":22},"end":{"line":69,"column":37}},"loc":{"start":{"line":69,"column":52},"end":{"line":74,"column":null}},"line":69}},"branchMap":{"0":{"loc":{"start":{"line":50,"column":2},"end":{"line":50,"column":null}},"type":"if","locations":[{"start":{"line":50,"column":2},"end":{"line":50,"column":null}},{"start":{},"end":{}}],"line":50},"1":{"loc":{"start":{"line":73,"column":2},"end":{"line":74,"column":null}},"type":"if","locations":[{"start":{"line":73,"column":2},"end":{"line":74,"column":null}},{"start":{},"end":{}}],"line":73}},"s":{"0":6,"1":6,"2":2,"3":2,"4":2,"5":2,"6":2,"7":2,"8":2,"9":2,"10":2,"11":2,"12":2,"13":2,"14":3,"15":3,"16":3,"17":3,"18":3,"19":3,"20":2,"21":1,"22":1,"23":1,"24":1,"25":1,"26":0,"27":1,"28":1,"29":1,"30":1,"31":1},"f":{"0":6,"1":2,"2":3,"3":1},"b":{"0":[2,1],"1":[1,0]},"meta":{"lastBranch":2,"lastFunction":4,"lastStatement":32,"seen":{"f:7:16:7:40":0,"s:8:15:8:46":0,"s:9:2:9:Infinity":1,"f:15:22:15:36":1,"s:16:2:16:Infinity":2,"s:17:17:17:Infinity":3,"s:19:23:19:64":4,"s:20:21:20:36":5,"s:21:2:21:Infinity":6,"s:23:16:23:74":7,"s:24:19:24:111":8,"s:25:21:25:71":9,"s:27:18:30:Infinity":10,"s:33:20:33:97":11,"s:34:2:34:Infinity":12,"s:36:2:36:Infinity":13,"f:42:22:42:37":2,"s:43:2:43:Infinity":14,"s:44:17:44:Infinity":15,"s:46:21:46:36":16,"s:47:20:47:90":17,"s:48:22:48:54":18,"b:50:2:50:Infinity:undefined:undefined:undefined:undefined":0,"s:50:2:50:Infinity":19,"s:50:35:50:Infinity":20,"s:52:2:62:Infinity":21,"s:53:20:53:69":22,"s:54:21:54:106":23,"s:55:16:58:Infinity":24,"s:60:4:60:Infinity":25,"s:62:4:62:Infinity":26,"f:69:22:69:37":3,"s:70:2:70:Infinity":27,"s:71:20:71:92":28,"s:72:22:72:59":29,"b:73:2:74:Infinity:undefined:undefined:undefined:undefined":1,"s:73:2:74:Infinity":30,"s:74:4:74:Infinity":31}}}
,"/Users/lgarzon/vault/src/features/add/add.ts": {"path":"/Users/lgarzon/vault/src/features/add/add.ts","statementMap":{"0":{"start":{"line":12,"column":19},"end":{"line":12,"column":null}},"1":{"start":{"line":13,"column":20},"end":{"line":13,"column":95}},"2":{"start":{"line":15,"column":2},"end":{"line":17,"column":null}},"3":{"start":{"line":16,"column":4},"end":{"line":16,"column":null}},"4":{"start":{"line":17,"column":4},"end":{"line":17,"column":null}},"5":{"start":{"line":20,"column":16},"end":{"line":20,"column":53}},"6":{"start":{"line":23,"column":2},"end":{"line":27,"column":null}},"7":{"start":{"line":24,"column":4},"end":{"line":24,"column":null}},"8":{"start":{"line":26,"column":4},"end":{"line":26,"column":null}},"9":{"start":{"line":27,"column":4},"end":{"line":27,"column":null}},"10":{"start":{"line":30,"column":40},"end":{"line":30,"column":42}},"11":{"start":{"line":32,"column":2},"end":{"line":40,"column":null}},"12":{"start":{"line":33,"column":22},"end":{"line":33,"column":57}},"13":{"start":{"line":34,"column":4},"end":{"line":40,"column":null}},"14":{"start":{"line":35,"column":41},"end":{"line":35,"column":64}},"15":{"start":{"line":36,"column":30},"end":{"line":36,"column":67}},"16":{"start":{"line":37,"column":6},"end":{"line":37,"column":null}},"17":{"start":{"line":39,"column":6},"end":{"line":39,"column":null}},"18":{"start":{"line":40,"column":6},"end":{"line":40,"column":null}},"19":{"start":{"line":45,"column":2},"end":{"line":45,"column":null}},"20":{"start":{"line":47,"column":27},"end":{"line":49,"column":15}},"21":{"start":{"line":48,"column":21},"end":{"line":48,"column":33}},"22":{"start":{"line":52,"column":21},"end":{"line":52,"column":68}},"23":{"start":{"line":53,"column":2},"end":{"line":53,"column":null}},"24":{"start":{"line":55,"column":2},"end":{"line":55,"column":null}},"25":{"start":{"line":56,"column":2},"end":{"line":56,"column":null}},"26":{"start":{"line":58,"column":17},"end":{"line":58,"column":null}},"27":{"start":{"line":59,"column":2},"end":{"line":59,"column":null}}},"fnMap":{"0":{"name":"addCommand","decl":{"start":{"line":11,"column":22},"end":{"line":11,"column":33}},"loc":{"start":{"line":11,"column":107},"end":{"line":59,"column":null}},"line":11},"1":{"name":"(anonymous_1)","decl":{"start":{"line":48,"column":5},"end":{"line":48,"column":10}},"loc":{"start":{"line":48,"column":21},"end":{"line":48,"column":33}},"line":48}},"branchMap":{"0":{"loc":{"start":{"line":13,"column":20},"end":{"line":13,"column":95}},"type":"cond-expr","locations":[{"start":{"line":13,"column":20},"end":{"line":13,"column":51}},{"start":{"line":13,"column":54},"end":{"line":13,"column":95}}],"line":13},"1":{"loc":{"start":{"line":15,"column":2},"end":{"line":17,"column":null}},"type":"if","locations":[{"start":{"line":15,"column":2},"end":{"line":17,"column":null}},{"start":{},"end":{}}],"line":15},"2":{"loc":{"start":{"line":15,"column":6},"end":{"line":15,"column":44}},"type":"binary-expr","locations":[{"start":{"line":15,"column":6},"end":{"line":15,"column":19}},{"start":{"line":15,"column":19},"end":{"line":15,"column":44}}],"line":15},"3":{"loc":{"start":{"line":20,"column":16},"end":{"line":20,"column":53}},"type":"binary-expr","locations":[{"start":{"line":20,"column":16},"end":{"line":20,"column":28}},{"start":{"line":20,"column":28},"end":{"line":20,"column":53}}],"line":20},"4":{"loc":{"start":{"line":32,"column":2},"end":{"line":40,"column":null}},"type":"if","locations":[{"start":{"line":32,"column":2},"end":{"line":40,"column":null}},{"start":{},"end":{}}],"line":32},"5":{"loc":{"start":{"line":58,"column":17},"end":{"line":58,"column":null}},"type":"cond-expr","locations":[{"start":{"line":58,"column":28},"end":{"line":58,"column":45}},{"start":{"line":58,"column":45},"end":{"line":58,"column":null}}],"line":58}},"s":{"0":4,"1":4,"2":4,"3":1,"4":1,"5":4,"6":1,"7":1,"8":1,"9":1,"10":4,"11":4,"12":3,"13":3,"14":3,"15":3,"16":3,"17":0,"18":0,"19":4,"20":4,"21":5,"22":4,"23":4,"24":4,"25":4,"26":4,"27":4},"f":{"0":4,"1":5},"b":{"0":[0,4],"1":[1,3],"2":[4,4],"3":[4,1],"4":[3,1],"5":[0,2]},"meta":{"lastBranch":6,"lastFunction":2,"lastStatement":28,"seen":{"f:11:22:11:33":0,"s:12:19:12:Infinity":0,"s:13:20:13:95":1,"b:13:20:13:51:13:54:13:95":0,"b:15:2:17:Infinity:undefined:undefined:undefined:undefined":1,"s:15:2:17:Infinity":2,"b:15:6:15:19:15:19:15:44":2,"s:16:4:16:Infinity":3,"s:17:4:17:Infinity":4,"s:20:16:20:53":5,"b:20:16:20:28:20:28:20:53":3,"s:23:2:27:Infinity":6,"s:24:4:24:Infinity":7,"s:26:4:26:Infinity":8,"s:27:4:27:Infinity":9,"s:30:40:30:42":10,"b:32:2:40:Infinity:undefined:undefined:undefined:undefined":4,"s:32:2:40:Infinity":11,"s:33:22:33:57":12,"s:34:4:40:Infinity":13,"s:35:41:35:64":14,"s:36:30:36:67":15,"s:37:6:37:Infinity":16,"s:39:6:39:Infinity":17,"s:40:6:40:Infinity":18,"s:45:2:45:Infinity":19,"s:47:27:49:15":20,"f:48:5:48:10":1,"s:48:21:48:33":21,"s:52:21:52:68":22,"s:53:2:53:Infinity":23,"s:55:2:55:Infinity":24,"s:56:2:56:Infinity":25,"s:58:17:58:Infinity":26,"b:58:28:58:45:58:45:58:Infinity":5,"s:59:2:59:Infinity":27}}}
,"/Users/lgarzon/vault/src/features/add/tui.ts": {"path":"/Users/lgarzon/vault/src/features/add/tui.ts","statementMap":{"0":{"start":{"line":8,"column":22},"end":{"line":13,"column":4}},"1":{"start":{"line":11,"column":6},"end":{"line":11,"column":null}},"2":{"start":{"line":11,"column":16},"end":{"line":11,"column":null}},"3":{"start":{"line":15,"column":2},"end":{"line":17,"column":null}},"4":{"start":{"line":16,"column":4},"end":{"line":16,"column":null}},"5":{"start":{"line":17,"column":4},"end":{"line":17,"column":null}},"6":{"start":{"line":19,"column":2},"end":{"line":19,"column":null}}},"fnMap":{"0":{"name":"promptForValue","decl":{"start":{"line":7,"column":22},"end":{"line":7,"column":37}},"loc":{"start":{"line":7,"column":67},"end":{"line":19,"column":null}},"line":7},"1":{"name":"(anonymous_1)","decl":{"start":{"line":10,"column":4},"end":{"line":10,"column":15}},"loc":{"start":{"line":10,"column":23},"end":{"line":11,"column":null}},"line":10}},"branchMap":{"0":{"loc":{"start":{"line":11,"column":6},"end":{"line":11,"column":null}},"type":"if","locations":[{"start":{"line":11,"column":6},"end":{"line":11,"column":null}},{"start":{},"end":{}}],"line":11},"1":{"loc":{"start":{"line":15,"column":2},"end":{"line":17,"column":null}},"type":"if","locations":[{"start":{"line":15,"column":2},"end":{"line":17,"column":null}},{"start":{},"end":{}}],"line":15}},"s":{"0":2,"1":0,"2":0,"3":2,"4":1,"5":1,"6":2},"f":{"0":2,"1":0},"b":{"0":[0,0],"1":[1,1]},"meta":{"lastBranch":2,"lastFunction":2,"lastStatement":7,"seen":{"f:7:22:7:37":0,"s:8:22:13:4":0,"f:10:4:10:15":1,"b:11:6:11:Infinity:undefined:undefined:undefined:undefined":0,"s:11:6:11:Infinity":1,"s:11:16:11:Infinity":2,"b:15:2:17:Infinity:undefined:undefined:undefined:undefined":1,"s:15:2:17:Infinity":3,"s:16:4:16:Infinity":4,"s:17:4:17:Infinity":5,"s:19:2:19:Infinity":6}}}
,"/Users/lgarzon/vault/src/features/clean/clean.ts": {"path":"/Users/lgarzon/vault/src/features/clean/clean.ts","statementMap":{"0":{"start":{"line":9,"column":17},"end":{"line":9,"column":null}},"1":{"start":{"line":10,"column":19},"end":{"line":10,"column":null}},"2":{"start":{"line":13,"column":19},"end":{"line":13,"column":null}},"3":{"start":{"line":14,"column":18},"end":{"line":14,"column":55}},"4":{"start":{"line":15,"column":20},"end":{"line":15,"column":59}},"5":{"start":{"line":17,"column":2},"end":{"line":19,"column":null}},"6":{"start":{"line":18,"column":4},"end":{"line":18,"column":null}},"7":{"start":{"line":19,"column":4},"end":{"line":19,"column":null}},"8":{"start":{"line":22,"column":2},"end":{"line":23,"column":null}},"9":{"start":{"line":23,"column":4},"end":{"line":23,"column":null}},"10":{"start":{"line":26,"column":18},"end":{"line":29,"column":4}},"11":{"start":{"line":31,"column":2},"end":{"line":33,"column":null}},"12":{"start":{"line":32,"column":4},"end":{"line":32,"column":null}},"13":{"start":{"line":33,"column":4},"end":{"line":33,"column":null}},"14":{"start":{"line":36,"column":30},"end":{"line":36,"column":32}},"15":{"start":{"line":38,"column":2},"end":{"line":46,"column":null}},"16":{"start":{"line":39,"column":4},"end":{"line":46,"column":null}},"17":{"start":{"line":40,"column":18},"end":{"line":40,"column":48}},"18":{"start":{"line":41,"column":41},"end":{"line":41,"column":88}},"19":{"start":{"line":42,"column":29},"end":{"line":42,"column":66}},"20":{"start":{"line":43,"column":6},"end":{"line":43,"column":null}},"21":{"start":{"line":45,"column":6},"end":{"line":45,"column":null}},"22":{"start":{"line":46,"column":6},"end":{"line":46,"column":null}},"23":{"start":{"line":50,"column":19},"end":{"line":50,"column":64}},"24":{"start":{"line":51,"column":30},"end":{"line":51,"column":32}},"25":{"start":{"line":52,"column":16},"end":{"line":52,"column":null}},"26":{"start":{"line":54,"column":2},"end":{"line":62,"column":null}},"27":{"start":{"line":55,"column":18},"end":{"line":55,"column":42}},"28":{"start":{"line":56,"column":4},"end":{"line":59,"column":null}},"29":{"start":{"line":57,"column":18},"end":{"line":57,"column":null}},"30":{"start":{"line":58,"column":6},"end":{"line":59,"column":null}},"31":{"start":{"line":59,"column":8},"end":{"line":59,"column":null}},"32":{"start":{"line":62,"column":4},"end":{"line":62,"column":null}},"33":{"start":{"line":65,"column":24},"end":{"line":65,"column":51}},"34":{"start":{"line":68,"column":27},"end":{"line":71,"column":null}},"35":{"start":{"line":69,"column":14},"end":{"line":69,"column":25}},"36":{"start":{"line":70,"column":4},"end":{"line":70,"column":null}},"37":{"start":{"line":73,"column":2},"end":{"line":92,"column":null}},"38":{"start":{"line":74,"column":4},"end":{"line":80,"column":null}},"39":{"start":{"line":75,"column":6},"end":{"line":78,"column":null}},"40":{"start":{"line":76,"column":8},"end":{"line":76,"column":null}},"41":{"start":{"line":78,"column":8},"end":{"line":78,"column":null}},"42":{"start":{"line":80,"column":6},"end":{"line":80,"column":null}},"43":{"start":{"line":83,"column":4},"end":{"line":88,"column":null}},"44":{"start":{"line":84,"column":6},"end":{"line":84,"column":null}},"45":{"start":{"line":85,"column":6},"end":{"line":85,"column":null}},"46":{"start":{"line":87,"column":6},"end":{"line":87,"column":null}},"47":{"start":{"line":88,"column":6},"end":{"line":88,"column":null}},"48":{"start":{"line":91,"column":4},"end":{"line":91,"column":null}},"49":{"start":{"line":92,"column":4},"end":{"line":92,"column":null}}},"fnMap":{"0":{"name":"cleanCommand","decl":{"start":{"line":12,"column":22},"end":{"line":12,"column":35}},"loc":{"start":{"line":12,"column":71},"end":{"line":92,"column":null}},"line":12},"1":{"name":"(anonymous_1)","decl":{"start":{"line":68,"column":37},"end":{"line":68,"column":42}},"loc":{"start":{"line":68,"column":50},"end":{"line":71,"column":null}},"line":68}},"branchMap":{"0":{"loc":{"start":{"line":12,"column":35},"end":{"line":12,"column":69}},"type":"default-arg","locations":[{"start":{"line":12,"column":67},"end":{"line":12,"column":69}}],"line":12},"1":{"loc":{"start":{"line":17,"column":2},"end":{"line":19,"column":null}},"type":"if","locations":[{"start":{"line":17,"column":2},"end":{"line":19,"column":null}},{"start":{},"end":{}}],"line":17},"2":{"loc":{"start":{"line":22,"column":2},"end":{"line":23,"column":null}},"type":"if","locations":[{"start":{"line":22,"column":2},"end":{"line":23,"column":null}},{"start":{},"end":{}}],"line":22},"3":{"loc":{"start":{"line":26,"column":18},"end":{"line":29,"column":4}},"type":"cond-expr","locations":[{"start":{"line":26,"column":29},"end":{"line":26,"column":36}},{"start":{"line":26,"column":36},"end":{"line":29,"column":4}}],"line":26},"4":{"loc":{"start":{"line":31,"column":2},"end":{"line":33,"column":null}},"type":"if","locations":[{"start":{"line":31,"column":2},"end":{"line":33,"column":null}},{"start":{},"end":{}}],"line":31},"5":{"loc":{"start":{"line":31,"column":6},"end":{"line":31,"column":39}},"type":"binary-expr","locations":[{"start":{"line":31,"column":6},"end":{"line":31,"column":25}},{"start":{"line":31,"column":29},"end":{"line":31,"column":39}}],"line":31},"6":{"loc":{"start":{"line":38,"column":2},"end":{"line":46,"column":null}},"type":"if","locations":[{"start":{"line":38,"column":2},"end":{"line":46,"column":null}},{"start":{},"end":{}}],"line":38},"7":{"loc":{"start":{"line":56,"column":4},"end":{"line":59,"column":null}},"type":"if","locations":[{"start":{"line":56,"column":4},"end":{"line":59,"column":null}},{"start":{},"end":{}}],"line":56},"8":{"loc":{"start":{"line":58,"column":6},"end":{"line":59,"column":null}},"type":"if","locations":[{"start":{"line":58,"column":6},"end":{"line":59,"column":null}},{"start":{},"end":{}}],"line":58},"9":{"loc":{"start":{"line":70,"column":11},"end":{"line":70,"column":45}},"type":"binary-expr","locations":[{"start":{"line":70,"column":11},"end":{"line":70,"column":27}},{"start":{"line":70,"column":27},"end":{"line":70,"column":45}}],"line":70},"10":{"loc":{"start":{"line":74,"column":4},"end":{"line":80,"column":null}},"type":"if","locations":[{"start":{"line":74,"column":4},"end":{"line":80,"column":null}},{"start":{},"end":{}}],"line":74},"11":{"loc":{"start":{"line":75,"column":6},"end":{"line":78,"column":null}},"type":"if","locations":[{"start":{"line":75,"column":6},"end":{"line":78,"column":null}},{"start":{"line":77,"column":13},"end":{"line":78,"column":null}}],"line":75},"12":{"loc":{"start":{"line":83,"column":4},"end":{"line":88,"column":null}},"type":"if","locations":[{"start":{"line":83,"column":4},"end":{"line":88,"column":null}},{"start":{"line":86,"column":11},"end":{"line":88,"column":null}}],"line":83}},"s":{"0":1,"1":1,"2":7,"3":7,"4":7,"5":7,"6":1,"7":1,"8":6,"9":1,"10":6,"11":5,"12":2,"13":2,"14":4,"15":4,"16":4,"17":4,"18":4,"19":4,"20":3,"21":1,"22":1,"23":3,"24":3,"25":3,"26":3,"27":15,"28":15,"29":7,"30":7,"31":4,"32":11,"33":3,"34":3,"35":7,"36":7,"37":3,"38":3,"39":1,"40":1,"41":0,"42":1,"43":2,"44":1,"45":1,"46":1,"47":1,"48":0,"49":0},"f":{"0":7,"1":7},"b":{"0":[7],"1":[1,6],"2":[1,5],"3":[1,5],"4":[2,3],"5":[5,5],"6":[4,0],"7":[7,8],"8":[4,3],"9":[7,3],"10":[1,2],"11":[1,0],"12":[1,1]},"meta":{"lastBranch":13,"lastFunction":2,"lastStatement":50,"seen":{"s:9:17:9:Infinity":0,"s:10:19:10:Infinity":1,"f:12:22:12:35":0,"b:12:67:12:69":0,"s:13:19:13:Infinity":2,"s:14:18:14:55":3,"s:15:20:15:59":4,"b:17:2:19:Infinity:undefined:undefined:undefined:undefined":1,"s:17:2:19:Infinity":5,"s:18:4:18:Infinity":6,"s:19:4:19:Infinity":7,"b:22:2:23:Infinity:undefined:undefined:undefined:undefined":2,"s:22:2:23:Infinity":8,"s:23:4:23:Infinity":9,"s:26:18:29:4":10,"b:26:29:26:36:26:36:29:4":3,"b:31:2:33:Infinity:undefined:undefined:undefined:undefined":4,"s:31:2:33:Infinity":11,"b:31:6:31:25:31:29:31:39":5,"s:32:4:32:Infinity":12,"s:33:4:33:Infinity":13,"s:36:30:36:32":14,"b:38:2:46:Infinity:undefined:undefined:undefined:undefined":6,"s:38:2:46:Infinity":15,"s:39:4:46:Infinity":16,"s:40:18:40:48":17,"s:41:41:41:88":18,"s:42:29:42:66":19,"s:43:6:43:Infinity":20,"s:45:6:45:Infinity":21,"s:46:6:46:Infinity":22,"s:50:19:50:64":23,"s:51:30:51:32":24,"s:52:16:52:Infinity":25,"s:54:2:62:Infinity":26,"s:55:18:55:42":27,"b:56:4:59:Infinity:undefined:undefined:undefined:undefined":7,"s:56:4:59:Infinity":28,"s:57:18:57:Infinity":29,"b:58:6:59:Infinity:undefined:undefined:undefined:undefined":8,"s:58:6:59:Infinity":30,"s:59:8:59:Infinity":31,"s:62:4:62:Infinity":32,"s:65:24:65:51":33,"s:68:27:71:Infinity":34,"f:68:37:68:42":1,"s:69:14:69:25":35,"s:70:4:70:Infinity":36,"b:70:11:70:27:70:27:70:45":9,"s:73:2:92:Infinity":37,"b:74:4:80:Infinity:undefined:undefined:undefined:undefined":10,"s:74:4:80:Infinity":38,"b:75:6:78:Infinity:77:13:78:Infinity":11,"s:75:6:78:Infinity":39,"s:76:8:76:Infinity":40,"s:78:8:78:Infinity":41,"s:80:6:80:Infinity":42,"b:83:4:88:Infinity:86:11:88:Infinity":12,"s:83:4:88:Infinity":43,"s:84:6:84:Infinity":44,"s:85:6:85:Infinity":45,"s:87:6:87:Infinity":46,"s:88:6:88:Infinity":47,"s:91:4:91:Infinity":48,"s:92:4:92:Infinity":49}}}
,"/Users/lgarzon/vault/src/features/export/export.ts": {"path":"/Users/lgarzon/vault/src/features/export/export.ts","statementMap":{"0":{"start":{"line":8,"column":19},"end":{"line":8,"column":null}},"1":{"start":{"line":9,"column":17},"end":{"line":9,"column":null}},"2":{"start":{"line":12,"column":20},"end":{"line":12,"column":59}},"3":{"start":{"line":13,"column":18},"end":{"line":13,"column":55}},"4":{"start":{"line":15,"column":2},"end":{"line":17,"column":null}},"5":{"start":{"line":16,"column":4},"end":{"line":16,"column":null}},"6":{"start":{"line":17,"column":4},"end":{"line":17,"column":null}},"7":{"start":{"line":20,"column":22},"end":{"line":20,"column":57}},"8":{"start":{"line":21,"column":37},"end":{"line":21,"column":60}},"9":{"start":{"line":24,"column":2},"end":{"line":28,"column":null}},"10":{"start":{"line":25,"column":4},"end":{"line":25,"column":null}},"11":{"start":{"line":27,"column":4},"end":{"line":27,"column":null}},"12":{"start":{"line":28,"column":4},"end":{"line":28,"column":null}},"13":{"start":{"line":31,"column":2},"end":{"line":42,"column":null}},"14":{"start":{"line":32,"column":29},"end":{"line":32,"column":66}},"15":{"start":{"line":34,"column":4},"end":{"line":35,"column":null}},"16":{"start":{"line":35,"column":6},"end":{"line":35,"column":null}},"17":{"start":{"line":38,"column":4},"end":{"line":38,"column":null}},"18":{"start":{"line":39,"column":4},"end":{"line":39,"column":null}},"19":{"start":{"line":41,"column":4},"end":{"line":41,"column":null}},"20":{"start":{"line":42,"column":4},"end":{"line":42,"column":null}}},"fnMap":{"0":{"name":"exportCommand","decl":{"start":{"line":11,"column":22},"end":{"line":11,"column":38}},"loc":{"start":{"line":11,"column":38},"end":{"line":42,"column":null}},"line":11}},"branchMap":{"0":{"loc":{"start":{"line":15,"column":2},"end":{"line":17,"column":null}},"type":"if","locations":[{"start":{"line":15,"column":2},"end":{"line":17,"column":null}},{"start":{},"end":{}}],"line":15},"1":{"loc":{"start":{"line":34,"column":4},"end":{"line":35,"column":null}},"type":"if","locations":[{"start":{"line":34,"column":4},"end":{"line":35,"column":null}},{"start":{},"end":{}}],"line":34}},"s":{"0":1,"1":1,"2":4,"3":4,"4":4,"5":1,"6":1,"7":3,"8":3,"9":3,"10":3,"11":1,"12":1,"13":2,"14":2,"15":1,"16":0,"17":1,"18":1,"19":1,"20":1},"f":{"0":4},"b":{"0":[1,3],"1":[0,1]},"meta":{"lastBranch":2,"lastFunction":1,"lastStatement":21,"seen":{"s:8:19:8:Infinity":0,"s:9:17:9:Infinity":1,"f:11:22:11:38":0,"s:12:20:12:59":2,"s:13:18:13:55":3,"b:15:2:17:Infinity:undefined:undefined:undefined:undefined":0,"s:15:2:17:Infinity":4,"s:16:4:16:Infinity":5,"s:17:4:17:Infinity":6,"s:20:22:20:57":7,"s:21:37:21:60":8,"s:24:2:28:Infinity":9,"s:25:4:25:Infinity":10,"s:27:4:27:Infinity":11,"s:28:4:28:Infinity":12,"s:31:2:42:Infinity":13,"s:32:29:32:66":14,"b:34:4:35:Infinity:undefined:undefined:undefined:undefined":1,"s:34:4:35:Infinity":15,"s:35:6:35:Infinity":16,"s:38:4:38:Infinity":17,"s:39:4:39:Infinity":18,"s:41:4:41:Infinity":19,"s:42:4:42:Infinity":20}}}
,"/Users/lgarzon/vault/src/features/ingest/ingest.ts": {"path":"/Users/lgarzon/vault/src/features/ingest/ingest.ts","statementMap":{"0":{"start":{"line":10,"column":19},"end":{"line":10,"column":null}},"1":{"start":{"line":13,"column":2},"end":{"line":13,"column":null}},"2":{"start":{"line":14,"column":17},"end":{"line":14,"column":null}},"3":{"start":{"line":15,"column":19},"end":{"line":15,"column":null}},"4":{"start":{"line":17,"column":21},"end":{"line":17,"column":58}},"5":{"start":{"line":18,"column":2},"end":{"line":20,"column":null}},"6":{"start":{"line":19,"column":4},"end":{"line":19,"column":null}},"7":{"start":{"line":20,"column":4},"end":{"line":20,"column":null}},"8":{"start":{"line":23,"column":2},"end":{"line":24,"column":null}},"9":{"start":{"line":24,"column":4},"end":{"line":24,"column":null}},"10":{"start":{"line":27,"column":22},"end":{"line":27,"column":58}},"11":{"start":{"line":29,"column":2},"end":{"line":33,"column":null}},"12":{"start":{"line":30,"column":4},"end":{"line":30,"column":null}},"13":{"start":{"line":32,"column":4},"end":{"line":32,"column":null}},"14":{"start":{"line":33,"column":4},"end":{"line":33,"column":null}},"15":{"start":{"line":36,"column":14},"end":{"line":36,"column":37}},"16":{"start":{"line":38,"column":25},"end":{"line":38,"column":null}},"17":{"start":{"line":39,"column":2},"end":{"line":50,"column":null}},"18":{"start":{"line":40,"column":22},"end":{"line":40,"column":51}},"19":{"start":{"line":41,"column":23},"end":{"line":41,"column":53}},"20":{"start":{"line":42,"column":24},"end":{"line":42,"column":59}},"21":{"start":{"line":44,"column":16},"end":{"line":44,"column":47}},"22":{"start":{"line":45,"column":4},"end":{"line":45,"column":null}},"23":{"start":{"line":47,"column":4},"end":{"line":47,"column":null}},"24":{"start":{"line":49,"column":4},"end":{"line":49,"column":null}},"25":{"start":{"line":50,"column":4},"end":{"line":50,"column":null}},"26":{"start":{"line":53,"column":20},"end":{"line":53,"column":59}},"27":{"start":{"line":54,"column":2},"end":{"line":72,"column":null}},"28":{"start":{"line":55,"column":4},"end":{"line":59,"column":null}},"29":{"start":{"line":56,"column":6},"end":{"line":56,"column":null}},"30":{"start":{"line":58,"column":6},"end":{"line":58,"column":null}},"31":{"start":{"line":59,"column":6},"end":{"line":59,"column":null}},"32":{"start":{"line":62,"column":4},"end":{"line":62,"column":null}},"33":{"start":{"line":64,"column":4},"end":{"line":72,"column":null}},"34":{"start":{"line":65,"column":6},"end":{"line":65,"column":null}},"35":{"start":{"line":67,"column":22},"end":{"line":67,"column":46}},"36":{"start":{"line":68,"column":6},"end":{"line":70,"column":null}},"37":{"start":{"line":69,"column":8},"end":{"line":69,"column":null}},"38":{"start":{"line":70,"column":8},"end":{"line":70,"column":null}},"39":{"start":{"line":72,"column":6},"end":{"line":72,"column":null}},"40":{"start":{"line":76,"column":2},"end":{"line":78,"column":null}},"41":{"start":{"line":77,"column":4},"end":{"line":77,"column":null}},"42":{"start":{"line":78,"column":4},"end":{"line":78,"column":null}},"43":{"start":{"line":81,"column":2},"end":{"line":81,"column":null}},"44":{"start":{"line":82,"column":2},"end":{"line":82,"column":null}}},"fnMap":{"0":{"name":"ingestCommand","decl":{"start":{"line":12,"column":22},"end":{"line":12,"column":36}},"loc":{"start":{"line":12,"column":90},"end":{"line":82,"column":null}},"line":12}},"branchMap":{"0":{"loc":{"start":{"line":12,"column":54},"end":{"line":12,"column":88}},"type":"default-arg","locations":[{"start":{"line":12,"column":86},"end":{"line":12,"column":88}}],"line":12},"1":{"loc":{"start":{"line":18,"column":2},"end":{"line":20,"column":null}},"type":"if","locations":[{"start":{"line":18,"column":2},"end":{"line":20,"column":null}},{"start":{},"end":{}}],"line":18},"2":{"loc":{"start":{"line":23,"column":2},"end":{"line":24,"column":null}},"type":"if","locations":[{"start":{"line":23,"column":2},"end":{"line":24,"column":null}},{"start":{},"end":{}}],"line":23},"3":{"loc":{"start":{"line":54,"column":2},"end":{"line":72,"column":null}},"type":"if","locations":[{"start":{"line":54,"column":2},"end":{"line":72,"column":null}},{"start":{"line":61,"column":9},"end":{"line":72,"column":null}}],"line":54},"4":{"loc":{"start":{"line":55,"column":4},"end":{"line":59,"column":null}},"type":"if","locations":[{"start":{"line":55,"column":4},"end":{"line":59,"column":null}},{"start":{"line":57,"column":11},"end":{"line":59,"column":null}}],"line":55},"5":{"loc":{"start":{"line":64,"column":4},"end":{"line":72,"column":null}},"type":"if","locations":[{"start":{"line":64,"column":4},"end":{"line":72,"column":null}},{"start":{"line":66,"column":11},"end":{"line":72,"column":null}}],"line":64},"6":{"loc":{"start":{"line":68,"column":6},"end":{"line":70,"column":null}},"type":"if","locations":[{"start":{"line":68,"column":6},"end":{"line":70,"column":null}},{"start":{},"end":{}}],"line":68},"7":{"loc":{"start":{"line":76,"column":2},"end":{"line":78,"column":null}},"type":"if","locations":[{"start":{"line":76,"column":2},"end":{"line":78,"column":null}},{"start":{},"end":{}}],"line":76}},"s":{"0":1,"1":7,"2":7,"3":7,"4":7,"5":7,"6":1,"7":1,"8":6,"9":1,"10":6,"11":6,"12":6,"13":1,"14":1,"15":5,"16":5,"17":5,"18":5,"19":5,"20":5,"21":5,"22":4,"23":4,"24":1,"25":1,"26":4,"27":4,"28":2,"29":1,"30":1,"31":1,"32":2,"33":2,"34":0,"35":2,"36":2,"37":1,"38":1,"39":1,"40":3,"41":1,"42":1,"43":2,"44":2},"f":{"0":7},"b":{"0":[7],"1":[1,6],"2":[1,5],"3":[2,2],"4":[1,1],"5":[0,2],"6":[1,1],"7":[1,2]},"meta":{"lastBranch":8,"lastFunction":1,"lastStatement":45,"seen":{"s:10:19:10:Infinity":0,"f:12:22:12:36":0,"b:12:86:12:88":0,"s:13:2:13:Infinity":1,"s:14:17:14:Infinity":2,"s:15:19:15:Infinity":3,"s:17:21:17:58":4,"b:18:2:20:Infinity:undefined:undefined:undefined:undefined":1,"s:18:2:20:Infinity":5,"s:19:4:19:Infinity":6,"s:20:4:20:Infinity":7,"b:23:2:24:Infinity:undefined:undefined:undefined:undefined":2,"s:23:2:24:Infinity":8,"s:24:4:24:Infinity":9,"s:27:22:27:58":10,"s:29:2:33:Infinity":11,"s:30:4:30:Infinity":12,"s:32:4:32:Infinity":13,"s:33:4:33:Infinity":14,"s:36:14:36:37":15,"s:38:25:38:Infinity":16,"s:39:2:50:Infinity":17,"s:40:22:40:51":18,"s:41:23:41:53":19,"s:42:24:42:59":20,"s:44:16:44:47":21,"s:45:4:45:Infinity":22,"s:47:4:47:Infinity":23,"s:49:4:49:Infinity":24,"s:50:4:50:Infinity":25,"s:53:20:53:59":26,"b:54:2:72:Infinity:61:9:72:Infinity":3,"s:54:2:72:Infinity":27,"b:55:4:59:Infinity:57:11:59:Infinity":4,"s:55:4:59:Infinity":28,"s:56:6:56:Infinity":29,"s:58:6:58:Infinity":30,"s:59:6:59:Infinity":31,"s:62:4:62:Infinity":32,"b:64:4:72:Infinity:66:11:72:Infinity":5,"s:64:4:72:Infinity":33,"s:65:6:65:Infinity":34,"s:67:22:67:46":35,"b:68:6:70:Infinity:undefined:undefined:undefined:undefined":6,"s:68:6:70:Infinity":36,"s:69:8:69:Infinity":37,"s:70:8:70:Infinity":38,"s:72:6:72:Infinity":39,"b:76:2:78:Infinity:undefined:undefined:undefined:undefined":7,"s:76:2:78:Infinity":40,"s:77:4:77:Infinity":41,"s:78:4:78:Infinity":42,"s:81:2:81:Infinity":43,"s:82:2:82:Infinity":44}}}
,"/Users/lgarzon/vault/src/features/ingest/tui.ts": {"path":"/Users/lgarzon/vault/src/features/ingest/tui.ts","statementMap":{"0":{"start":{"line":5,"column":14},"end":{"line":7,"column":4}},"1":{"start":{"line":8,"column":2},"end":{"line":8,"column":null}},"2":{"start":{"line":8,"column":23},"end":{"line":8,"column":null}},"3":{"start":{"line":9,"column":2},"end":{"line":9,"column":null}},"4":{"start":{"line":13,"column":18},"end":{"line":15,"column":4}},"5":{"start":{"line":16,"column":2},"end":{"line":16,"column":null}},"6":{"start":{"line":16,"column":27},"end":{"line":16,"column":null}},"7":{"start":{"line":17,"column":2},"end":{"line":17,"column":null}}},"fnMap":{"0":{"name":"promptIngestOtp","decl":{"start":{"line":4,"column":22},"end":{"line":4,"column":57}},"loc":{"start":{"line":4,"column":57},"end":{"line":9,"column":null}},"line":4},"1":{"name":"confirmOverwrite","decl":{"start":{"line":12,"column":22},"end":{"line":12,"column":59}},"loc":{"start":{"line":12,"column":59},"end":{"line":17,"column":null}},"line":12}},"branchMap":{"0":{"loc":{"start":{"line":8,"column":2},"end":{"line":8,"column":null}},"type":"if","locations":[{"start":{"line":8,"column":2},"end":{"line":8,"column":null}},{"start":{},"end":{}}],"line":8},"1":{"loc":{"start":{"line":16,"column":2},"end":{"line":16,"column":null}},"type":"if","locations":[{"start":{"line":16,"column":2},"end":{"line":16,"column":null}},{"start":{},"end":{}}],"line":16}},"s":{"0":2,"1":2,"2":1,"3":2,"4":2,"5":2,"6":1,"7":2},"f":{"0":2,"1":2},"b":{"0":[1,1],"1":[1,1]},"meta":{"lastBranch":2,"lastFunction":2,"lastStatement":8,"seen":{"f:4:22:4:57":0,"s:5:14:7:4":0,"b:8:2:8:Infinity:undefined:undefined:undefined:undefined":0,"s:8:2:8:Infinity":1,"s:8:23:8:Infinity":2,"s:9:2:9:Infinity":3,"f:12:22:12:59":1,"s:13:18:15:4":4,"b:16:2:16:Infinity:undefined:undefined:undefined:undefined":1,"s:16:2:16:Infinity":5,"s:16:27:16:Infinity":6,"s:17:2:17:Infinity":7}}}
[...]
mn":null}},"29":{"start":{"line":56,"column":2},"end":{"line":56,"column":null}},"30":{"start":{"line":58,"column":2},"end":{"line":58,"column":null}}},"fnMap":{"0":{"name":"maskValue","decl":{"start":{"line":12,"column":16},"end":{"line":12,"column":26}},"loc":{"start":{"line":12,"column":47},"end":{"line":14,"column":null}},"line":12},"1":{"name":"listCommand","decl":{"start":{"line":17,"column":22},"end":{"line":17,"column":34}},"loc":{"start":{"line":17,"column":88},"end":{"line":58,"column":null}},"line":17},"2":{"name":"(anonymous_2)","decl":{"start":{"line":35,"column":20},"end":{"line":35,"column":27}},"loc":{"start":{"line":35,"column":56},"end":{"line":49,"column":null}},"line":35}},"branchMap":{"0":{"loc":{"start":{"line":13,"column":2},"end":{"line":13,"column":null}},"type":"if","locations":[{"start":{"line":13,"column":2},"end":{"line":13,"column":null}},{"start":{},"end":{}}],"line":13},"1":{"loc":{"start":{"line":22,"column":2},"end":{"line":24,"column":null}},"type":"if","locations":[{"start":{"line":22,"column":2},"end":{"line":24,"column":null}},{"start":{},"end":{}}],"line":22},"2":{"loc":{"start":{"line":22,"column":6},"end":{"line":22,"column":71}},"type":"binary-expr","locations":[{"start":{"line":22,"column":6},"end":{"line":22,"column":36}},{"start":{"line":22,"column":40},"end":{"line":22,"column":71}}],"line":22},"3":{"loc":{"start":{"line":36,"column":4},"end":{"line":36,"column":null}},"type":"if","locations":[{"start":{"line":36,"column":4},"end":{"line":36,"column":null}},{"start":{},"end":{}}],"line":36},"4":{"loc":{"start":{"line":45,"column":29},"end":{"line":45,"column":103}},"type":"cond-expr","locations":[{"start":{"line":45,"column":51},"end":{"line":45,"column":71}},{"start":{"line":45,"column":74},"end":{"line":45,"column":103}}],"line":45},"5":{"loc":{"start":{"line":53,"column":2},"end":{"line":54,"column":null}},"type":"if","locations":[{"start":{"line":53,"column":2},"end":{"line":54,"column":null}},{"start":{},"end":{}}],"line":53}},"s":{"0":1,"1":2,"2":1,"3":1,"4":3,"5":3,"6":3,"7":3,"8":1,"9":1,"10":2,"11":2,"12":0,"13":0,"14":2,"15":4,"16":2,"17":2,"18":2,"19":2,"20":2,"21":2,"22":2,"23":2,"24":3,"25":3,"26":0,"27":2,"28":2,"29":2,"30":2},"f":{"0":2,"1":3,"2":4},"b":{"0":[1,1],"1":[1,2],"2":[3,1],"3":[2,2],"4":[1,2],"5":[2,0]},"meta":{"lastBranch":6,"lastFunction":3,"lastStatement":31,"seen":{"s:10:19:10:Infinity":0,"f:12:16:12:26":0,"b:13:2:13:Infinity:undefined:undefined:undefined:undefined":0,"s:13:2:13:Infinity":1,"s:13:23:13:Infinity":2,"s:14:2:14:Infinity":3,"f:17:22:17:34":1,"s:18:2:18:Infinity":4,"s:19:25:19:64":5,"s:20:8:20:46":6,"b:22:2:24:Infinity:undefined:undefined:undefined:undefined":1,"s:22:2:24:Infinity":7,"b:22:6:22:36:22:40:22:71":2,"s:23:4:23:Infinity":8,"s:24:4:24:Infinity":9,"s:28:2:32:Infinity":10,"s:29:4:29:Infinity":11,"s:31:4:31:Infinity":12,"s:32:4:32:Infinity":13,"s:35:20:49:Infinity":14,"f:35:20:35:27":2,"b:36:4:36:Infinity:undefined:undefined:undefined:undefined":3,"s:36:4:36:Infinity":15,"s:36:27:36:Infinity":16,"s:37:4:49:Infinity":17,"s:38:22:38:49":18,"s:39:41:39:60":19,"s:40:24:40:61":20,"s:41:19:41:42":21,"s:43:6:43:Infinity":22,"s:44:6:46:Infinity":23,"s:45:29:45:103":24,"b:45:51:45:71:45:74:45:103":4,"s:46:8:46:Infinity":25,"s:49:6:49:Infinity":26,"b:53:2:54:Infinity:undefined:undefined:undefined:undefined":5,"s:53:2:54:Infinity":27,"s:54:4:54:Infinity":28,"s:56:2:56:Infinity":29,"s:58:2:58:Infinity":30}}}
,"/Users/lgarzon/vault/src/features/recover/recover.ts": {"path":"/Users/lgarzon/vault/src/features/recover/recover.ts","statementMap":{"0":{"start":{"line":7,"column":22},"end":{"line":7,"column":50}},"1":{"start":{"line":8,"column":22},"end":{"line":8,"column":50}},"2":{"start":{"line":10,"column":2},"end":{"line":15,"column":null}},"3":{"start":{"line":11,"column":4},"end":{"line":11,"column":null}},"4":{"start":{"line":12,"column":4},"end":{"line":12,"column":null}},"5":{"start":{"line":14,"column":4},"end":{"line":14,"column":null}},"6":{"start":{"line":15,"column":4},"end":{"line":15,"column":null}}},"fnMap":{"0":{"name":"recoverCommand","decl":{"start":{"line":6,"column":22},"end":{"line":6,"column":39}},"loc":{"start":{"line":6,"column":39},"end":{"line":15,"column":null}},"line":6}},"branchMap":{},"s":{"0":2,"1":2,"2":2,"3":2,"4":1,"5":1,"6":1},"f":{"0":2},"b":{},"meta":{"lastBranch":0,"lastFunction":1,"lastStatement":7,"seen":{"f:6:22:6:39":0,"s:7:22:7:50":0,"s:8:22:8:50":1,"s:10:2:15:Infinity":2,"s:11:4:11:Infinity":3,"s:12:4:12:Infinity":4,"s:14:4:14:Infinity":5,"s:15:4:15:Infinity":6}}}
,"/Users/lgarzon/vault/src/features/recover/tui.ts": {"path":"/Users/lgarzon/vault/src/features/recover/tui.ts","statementMap":{"0":{"start":{"line":5,"column":13},"end":{"line":10,"column":4}},"1":{"start":{"line":8,"column":6},"end":{"line":8,"column":null}},"2":{"start":{"line":8,"column":47},"end":{"line":8,"column":null}},"3":{"start":{"line":12,"column":2},"end":{"line":14,"column":null}},"4":{"start":{"line":13,"column":4},"end":{"line":13,"column":null}},"5":{"start":{"line":14,"column":4},"end":{"line":14,"column":null}},"6":{"start":{"line":16,"column":2},"end":{"line":16,"column":null}},"7":{"start":{"line":20,"column":14},"end":{"line":25,"column":4}},"8":{"start":{"line":23,"column":6},"end":{"line":23,"column":null}},"9":{"start":{"line":23,"column":34},"end":{"line":23,"column":null}},"10":{"start":{"line":27,"column":2},"end":{"line":29,"column":null}},"11":{"start":{"line":28,"column":4},"end":{"line":28,"column":null}},"12":{"start":{"line":29,"column":4},"end":{"line":29,"column":null}},"13":{"start":{"line":31,"column":2},"end":{"line":31,"column":null}}},"fnMap":{"0":{"name":"promptForRecoveryKey","decl":{"start":{"line":4,"column":22},"end":{"line":4,"column":62}},"loc":{"start":{"line":4,"column":62},"end":{"line":16,"column":null}},"line":4},"1":{"name":"(anonymous_1)","decl":{"start":{"line":7,"column":4},"end":{"line":7,"column":15}},"loc":{"start":{"line":7,"column":23},"end":{"line":8,"column":null}},"line":7},"2":{"name":"promptForNewPassword","decl":{"start":{"line":19,"column":22},"end":{"line":19,"column":62}},"loc":{"start":{"line":19,"column":62},"end":{"line":31,"column":null}},"line":19},"3":{"name":"(anonymous_3)","decl":{"start":{"line":22,"column":4},"end":{"line":22,"column":15}},"loc":{"start":{"line":22,"column":23},"end":{"line":23,"column":null}},"line":22}},"branchMap":{"0":{"loc":{"start":{"line":8,"column":6},"end":{"line":8,"column":null}},"type":"if","locations":[{"start":{"line":8,"column":6},"end":{"line":8,"column":null}},{"start":{},"end":{}}],"line":8},"1":{"loc":{"start":{"line":8,"column":10},"end":{"line":8,"column":45}},"type":"binary-expr","locations":[{"start":{"line":8,"column":10},"end":{"line":8,"column":18}},{"start":{"line":8,"column":18},"end":{"line":8,"column":45}}],"line":8},"2":{"loc":{"start":{"line":12,"column":2},"end":{"line":14,"column":null}},"type":"if","locations":[{"start":{"line":12,"column":2},"end":{"line":14,"column":null}},{"start":{},"end":{}}],"line":12},"3":{"loc":{"start":{"line":23,"column":6},"end":{"line":23,"column":null}},"type":"if","locations":[{"start":{"line":23,"column":6},"end":{"line":23,"column":null}},{"start":{},"end":{}}],"line":23},"4":{"loc":{"start":{"line":23,"column":10},"end":{"line":23,"column":34}},"type":"binary-expr","locations":[{"start":{"line":23,"column":10},"end":{"line":23,"column":18}},{"start":{"line":23,"column":18},"end":{"line":23,"column":34}}],"line":23},"5":{"loc":{"start":{"line":27,"column":2},"end":{"line":29,"column":null}},"type":"if","locations":[{"start":{"line":27,"column":2},"end":{"line":29,"column":null}},{"start":{},"end":{}}],"line":27}},"s":{"0":3,"1":3,"2":2,"3":3,"4":1,"5":1,"6":2,"7":3,"8":3,"9":2,"10":3,"11":1,"12":1,"13":2},"f":{"0":3,"1":3,"2":3,"3":3},"b":{"0":[2,1],"1":[3,2],"2":[1,2],"3":[2,1],"4":[3,2],"5":[1,2]},"meta":{"lastBranch":6,"lastFunction":4,"lastStatement":14,"seen":{"f:4:22:4:62":0,"s:5:13:10:4":0,"f:7:4:7:15":1,"b:8:6:8:Infinity:undefined:undefined:undefined:undefined":0,"s:8:6:8:Infinity":1,"b:8:10:8:18:8:18:8:45":1,"s:8:47:8:Infinity":2,"b:12:2:14:Infinity:undefined:undefined:undefined:undefined":2,"s:12:2:14:Infinity":3,"s:13:4:13:Infinity":4,"s:14:4:14:Infinity":5,"s:16:2:16:Infinity":6,"f:19:22:19:62":2,"s:20:14:25:4":7,"f:22:4:22:15":3,"b:23:6:23:Infinity:undefined:undefined:undefined:undefined":3,"s:23:6:23:Infinity":8,"b:23:10:23:18:23:18:23:34":4,"s:23:34:23:Infinity":9,"b:27:2:29:Infinity:undefined:undefined:undefined:undefined":5,"s:27:2:29:Infinity":10,"s:28:4:28:Infinity":11,"s:29:4:29:Infinity":12,"s:31:2:31:Infinity":13}}}
,"/Users/lgarzon/vault/src/features/share/share.ts": {"path":"/Users/lgarzon/vault/src/features/share/share.ts","statementMap":{"0":{"start":{"line":11,"column":19},"end":{"line":11,"column":null}},"1":{"start":{"line":12,"column":20},"end":{"line":12,"column":null}},"2":{"start":{"line":15,"column":20},"end":{"line":15,"column":59}},"3":{"start":{"line":16,"column":2},"end":{"line":18,"column":null}},"4":{"start":{"line":17,"column":4},"end":{"line":17,"column":null}},"5":{"start":{"line":18,"column":4},"end":{"line":18,"column":null}},"6":{"start":{"line":21,"column":22},"end":{"line":21,"column":57}},"7":{"start":{"line":22,"column":37},"end":{"line":22,"column":60}},"8":{"start":{"line":25,"column":2},"end":{"line":29,"column":null}},"9":{"start":{"line":26,"column":4},"end":{"line":26,"column":null}},"10":{"start":{"line":28,"column":4},"end":{"line":28,"column":null}},"11":{"start":{"line":29,"column":4},"end":{"line":29,"column":null}},"12":{"start":{"line":32,"column":25},"end":{"line":32,"column":null}},"13":{"start":{"line":33,"column":2},"end":{"line":38,"column":null}},"14":{"start":{"line":34,"column":4},"end":{"line":34,"column":null}},"15":{"start":{"line":35,"column":4},"end":{"line":35,"column":null}},"16":{"start":{"line":37,"column":4},"end":{"line":37,"column":null}},"17":{"start":{"line":38,"column":4},"end":{"line":38,"column":null}},"18":{"start":{"line":41,"column":2},"end":{"line":51,"column":null}},"19":{"start":{"line":42,"column":16},"end":{"line":42,"column":36}},"20":{"start":{"line":43,"column":26},"end":{"line":43,"column":69}},"21":{"start":{"line":45,"column":23},"end":{"line":45,"column":63}},"22":{"start":{"line":46,"column":4},"end":{"line":46,"column":null}},"23":{"start":{"line":48,"column":4},"end":{"line":48,"column":null}},"24":{"start":{"line":50,"column":4},"end":{"line":50,"column":null}},"25":{"start":{"line":51,"column":4},"end":{"line":51,"column":null}}},"fnMap":{"0":{"name":"shareCommand","decl":{"start":{"line":14,"column":22},"end":{"line":14,"column":37}},"loc":{"start":{"line":14,"column":37},"end":{"line":51,"column":null}},"line":14}},"branchMap":{"0":{"loc":{"start":{"line":16,"column":2},"end":{"line":18,"column":null}},"type":"if","locations":[{"start":{"line":16,"column":2},"end":{"line":18,"column":null}},{"start":{},"end":{}}],"line":16}},"s":{"0":1,"1":1,"2":5,"3":5,"4":1,"5":1,"6":4,"7":4,"8":4,"9":4,"10":1,"11":1,"12":3,"13":3,"14":3,"15":2,"16":1,"17":1,"18":2,"19":2,"20":1,"21":1,"22":1,"23":1,"24":1,"25":1},"f":{"0":5},"b":{"0":[1,4]},"meta":{"lastBranch":1,"lastFunction":1,"lastStatement":26,"seen":{"s:11:19:11:Infinity":0,"s:12:20:12:Infinity":1,"f:14:22:14:37":0,"s:15:20:15:59":2,"b:16:2:18:Infinity:undefined:undefined:undefined:undefined":0,"s:16:2:18:Infinity":3,"s:17:4:17:Infinity":4,"s:18:4:18:Infinity":5,"s:21:22:21:57":6,"s:22:37:22:60":7,"s:25:2:29:Infinity":8,"s:26:4:26:Infinity":9,"s:28:4:28:Infinity":10,"s:29:4:29:Infinity":11,"s:32:25:32:Infinity":12,"s:33:2:38:Infinity":13,"s:34:4:34:Infinity":14,"s:35:4:35:Infinity":15,"s:37:4:37:Infinity":16,"s:38:4:38:Infinity":17,"s:41:2:51:Infinity":18,"s:42:16:42:36":19,"s:43:26:43:69":20,"s:45:23:45:63":21,"s:46:4:46:Infinity":22,"s:48:4:48:Infinity":23,"s:50:4:50:Infinity":24,"s:51:4:51:Infinity":25}}}
,"/Users/lgarzon/vault/src/features/share/tui.ts": {"path":"/Users/lgarzon/vault/src/features/share/tui.ts","statementMap":{"0":{"start":{"line":5,"column":15},"end":{"line":10,"column":4}},"1":{"start":{"line":8,"column":6},"end":{"line":8,"column":null}},"2":{"start":{"line":8,"column":38},"end":{"line":8,"column":null}},"3":{"start":{"line":11,"column":2},"end":{"line":11,"column":null}},"4":{"start":{"line":11,"column":24},"end":{"line":11,"column":null}},"5":{"start":{"line":13,"column":15},"end":{"line":15,"column":4}},"6":{"start":{"line":16,"column":2},"end":{"line":16,"column":null}},"7":{"start":{"line":16,"column":24},"end":{"line":16,"column":null}},"8":{"start":{"line":18,"column":2},"end":{"line":19,"column":null}},"9":{"start":{"line":19,"column":4},"end":{"line":19,"column":null}},"10":{"start":{"line":22,"column":2},"end":{"line":22,"column":null}}},"fnMap":{"0":{"name":"promptForOtp","decl":{"start":{"line":4,"column":22},"end":{"line":4,"column":54}},"loc":{"start":{"line":4,"column":54},"end":{"line":22,"column":null}},"line":4},"1":{"name":"(anonymous_1)","decl":{"start":{"line":7,"column":4},"end":{"line":7,"column":15}},"loc":{"start":{"line":7,"column":25},"end":{"line":8,"column":null}},"line":7}},"branchMap":{"0":{"loc":{"start":{"line":8,"column":6},"end":{"line":8,"column":null}},"type":"if","locations":[{"start":{"line":8,"column":6},"end":{"line":8,"column":null}},{"start":{},"end":{}}],"line":8},"1":{"loc":{"start":{"line":8,"column":10},"end":{"line":8,"column":38}},"type":"binary-expr","locations":[{"start":{"line":8,"column":10},"end":{"line":8,"column":20}},{"start":{"line":8,"column":20},"end":{"line":8,"column":38}}],"line":8},"2":{"loc":{"start":{"line":11,"column":2},"end":{"line":11,"column":null}},"type":"if","locations":[{"start":{"line":11,"column":2},"end":{"line":11,"column":null}},{"start":{},"end":{}}],"line":11},"3":{"loc":{"start":{"line":16,"column":2},"end":{"line":16,"column":null}},"type":"if","locations":[{"start":{"line":16,"column":2},"end":{"line":16,"column":null}},{"start":{},"end":{}}],"line":16},"4":{"loc":{"start":{"line":18,"column":2},"end":{"line":19,"column":null}},"type":"if","locations":[{"start":{"line":18,"column":2},"end":{"line":19,"column":null}},{"start":{},"end":{}}],"line":18}},"s":{"0":2,"1":0,"2":0,"3":2,"4":1,"5":2,"6":2,"7":1,"8":2,"9":1,"10":1},"f":{"0":2,"1":0},"b":{"0":[0,0],"1":[0,0],"2":[1,1],"3":[1,1],"4":[1,1]},"meta":{"lastBranch":5,"lastFunction":2,"lastStatement":11,"seen":{"f:4:22:4:54":0,"s:5:15:10:4":0,"f:7:4:7:15":1,"b:8:6:8:Infinity:undefined:undefined:undefined:undefined":0,"s:8:6:8:Infinity":1,"b:8:10:8:20:8:20:8:38":1,"s:8:38:8:Infinity":2,"b:11:2:11:Infinity:undefined:undefined:undefined:undefined":2,"s:11:2:11:Infinity":3,"s:11:24:11:Infinity":4,"s:13:15:15:4":5,"b:16:2:16:Infinity:undefined:undefined:undefined:undefined":3,"s:16:2:16:Infinity":6,"s:16:24:16:Infinity":7,"b:18:2:19:Infinity:undefined:undefined:undefined:undefined":4,"s:18:2:19:Infinity":8,"s:19:4:19:Infinity":9,"s:22:2:22:Infinity":10}}}
,"/Users/lgarzon/vault/src/features/tui/components/theme.ts": {"path":"/Users/lgarzon/vault/src/features/tui/components/theme.ts","statementMap":{"0":{"start":{"line":2,"column":12},"end":{"line":2,"column":41}},"1":{"start":{"line":3,"column":12},"end":{"line":3,"column":41}},"2":{"start":{"line":4,"column":12},"end":{"line":4,"column":41}},"3":{"start":{"line":5,"column":2},"end":{"line":5,"column":null}},"4":{"start":{"line":9,"column":20},"end":{"line":9,"column":33}},"5":{"start":{"line":10,"column":2},"end":{"line":10,"column":null}},"6":{"start":{"line":13,"column":23},"end":{"line":21,"column":null}},"7":{"start":{"line":14,"column":24},"end":{"line":14,"column":49}},"8":{"start":{"line":15,"column":25},"end":{"line":15,"column":50}},"9":{"start":{"line":16,"column":25},"end":{"line":16,"column":50}},"10":{"start":{"line":17,"column":27},"end":{"line":17,"column":52}},"11":{"start":{"line":18,"column":28},"end":{"line":18,"column":53}},"12":{"start":{"line":19,"column":26},"end":{"line":19,"column":51}},"13":{"start":{"line":20,"column":28},"end":{"line":20,"column":null}},"14":{"start":{"line":23,"column":19},"end":{"line":29,"column":null}},"15":{"start":{"line":24,"column":28},"end":{"line":24,"column":83}},"16":{"start":{"line":25,"column":26},"end":{"line":25,"column":81}},"17":{"start":{"line":26,"column":25},"end":{"line":26,"column":79}},"18":{"start":{"line":27,"column":25},"end":{"line":27,"column":81}},"19":{"start":{"line":28,"column":26},"end":{"line":28,"column":null}}},"fnMap":{"0":{"name":"hexToRgb","decl":{"start":{"line":1,"column":9},"end":{"line":1,"column":18}},"loc":{"start":{"line":1,"column":57},"end":{"line":5,"column":null}},"line":1},"1":{"name":"colorize","decl":{"start":{"line":8,"column":9},"end":{"line":8,"column":18}},"loc":{"start":{"line":8,"column":53},"end":{"line":10,"column":null}},"line":8},"2":{"name":"(anonymous_2)","decl":{"start":{"line":14,"column":2},"end":{"line":14,"column":7}},"loc":{"start":{"line":14,"column":24},"end":{"line":14,"column":49}},"line":14},"3":{"name":"(anonymous_3)","decl":{"start":{"line":15,"column":2},"end":{"line":15,"column":8}},"loc":{"start":{"line":15,"column":25},"end":{"line":15,"column":50}},"line":15},"4":{"name":"(anonymous_4)","decl":{"start":{"line":16,"column":2},"end":{"line":16,"column":8}},"loc":{"start":{"line":16,"column":25},"end":{"line":16,"column":50}},"line":16},"5":{"name":"(anonymous_5)","decl":{"start":{"line":17,"column":2},"end":{"line":17,"column":10}},"loc":{"start":{"line":17,"column":27},"end":{"line":17,"column":52}},"line":17},"6":{"name":"(anonymous_6)","decl":{"start":{"line":18,"column":2},"end":{"line":18,"column":11}},"loc":{"start":{"line":18,"column":28},"end":{"line":18,"column":53}},"line":18},"7":{"name":"(anonymous_7)","decl":{"start":{"line":19,"column":2},"end":{"line":19,"column":9}},"loc":{"start":{"line":19,"column":26},"end":{"line":19,"column":51}},"line":19},"8":{"name":"(anonymous_8)","decl":{"start":{"line":20,"column":2},"end":{"line":20,"column":11}},"loc":{"start":{"line":20,"column":28},"end":{"line":20,"column":null}},"line":20},"9":{"name":"(anonymous_9)","decl":{"start":{"line":24,"column":2},"end":{"line":24,"column":12}},"loc":{"start":{"line":24,"column":28},"end":{"line":24,"column":83}},"line":24},"10":{"name":"(anonymous_10)","decl":{"start":{"line":25,"column":2},"end":{"line":25,"column":10}},"loc":{"start":{"line":25,"column":26},"end":{"line":25,"column":81}},"line":25},"11":{"name":"(anonymous_11)","decl":{"start":{"line":26,"column":2},"end":{"line":26,"column":9}},"loc":{"start":{"line":26,"column":25},"end":{"line":26,"column":79}},"line":26},"12":{"name":"(anonymous_12)","decl":{"start":{"line":27,"column":2},"end":{"line":27,"column":9}},"loc":{"start":{"line":27,"column":25},"end":{"line":27,"column":81}},"line":27},"13":{"name":"(anonymous_13)","decl":{"start":{"line":28,"column":2},"end":{"line":28,"column":10}},"loc":{"start":{"line":28,"column":26},"end":{"line":28,"column":null}},"line":28}},"branchMap":{},"s":{"0":199,"1":199,"2":199,"3":199,"4":199,"5":199,"6":16,"7":86,"8":13,"9":34,"10":15,"11":15,"12":20,"13":16,"14":16,"15":5,"16":22,"17":13,"18":4,"19":4},"f":{"0":199,"1":199,"2":86,"3":13,"4":34,"5":15,"6":15,"7":20,"8":16,"9":5,"10":22,"11":13,"12":4,"13":4},"b":{},"meta":{"lastBranch":0,"lastFunction":14,"lastStatement":20,"seen":{"f:1:9:1:18":0,"s:2:12:2:41":0,"s:3:12:3:41":1,"s:4:12:4:41":2,"s:5:2:5:Infinity":3,"f:8:9:8:18":1,"s:9:20:9:33":4,"s:10:2:10:Infinity":5,"s:13:23:21:Infinity":6,"f:14:2:14:7":2,"s:14:24:14:49":7,"f:15:2:15:8":3,"s:15:25:15:50":8,"f:16:2:16:8":4,"s:16:25:16:50":9,"f:17:2:17:10":5,"s:17:27:17:52":10,"f:18:2:18:11":6,"s:18:28:18:53":11,"f:19:2:19:9":7,"s:19:26:19:51":12,"f:20:2:20:11":8,"s:20:28:20:Infinity":13,"s:23:19:29:Infinity":14,"f:24:2:24:12":9,"s:24:28:24:83":15,"f:25:2:25:10":10,"s:25:26:25:81":16,"f:26:2:26:9":11,"s:26:25:26:79":17,"f:27:2:27:9":12,"s:27:25:27:81":18,"f:28:2:28:10":13,"s:28:26:28:Infinity":19}}}
}
